Using pre-set license
Built from '2020.3/release' branch; Version is '2020.3.2f1 (8fd9074bf66c) revision 9427207'; Using compiler version '192528614'; Build Type 'Release'
OS: 'Windows 10 Home Single Language; OS build 19042.928; Version 2009; 64bit' Language: 'pt' Physical Memory: 16333 MB
BatchMode: 1, IsHumanControllingUs: 0, StartBugReporterOnCrash: 0, Is64bit: 1, IsPro: 0

 COMMAND LINE ARGUMENTS:
C:\Program Files\Unity\Hub\Editor\2020.3.2f1\Editor\Unity.exe
-adb2
-batchMode
-noUpm
-name
AssetImportWorker0
-projectPath
C:/Users/Rafael/Documents/GitHub/projetoJogo/Projeto Jogo
-logFile
Logs/AssetImportWorker0.log
-srvPort
60881
Successfully changed project path to: C:/Users/Rafael/Documents/GitHub/projetoJogo/Projeto Jogo
C:/Users/Rafael/Documents/GitHub/projetoJogo/Projeto Jogo
Using Asset Import Pipeline V2.
Refreshing native plugins compatible for Editor in 52.49 ms, found 1 plugins.
Preloading 0 native plugins for Editor in 0.00 ms.
Initialize engine version: 2020.3.2f1 (8fd9074bf66c)
[Subsystems] Discovering subsystems at path C:/Program Files/Unity/Hub/Editor/2020.3.2f1/Editor/Data/Resources/UnitySubsystems
[Subsystems] Discovering subsystems at path C:/Users/Rafael/Documents/GitHub/projetoJogo/Projeto Jogo/Assets
GfxDevice: creating device client; threaded=0
Direct3D:
    Version:  Direct3D 11.0 [level 11.1]
    Renderer: Radeon RX 570 Series (ID=0x67df)
    Vendor:   
    VRAM:     8171 MB
    Driver:   27.20.15003.1004
Initialize mono
Mono path[0] = 'C:/Program Files/Unity/Hub/Editor/2020.3.2f1/Editor/Data/Managed'
Mono path[1] = 'C:/Program Files/Unity/Hub/Editor/2020.3.2f1/Editor/Data/MonoBleedingEdge/lib/mono/unityjit'
Mono config path = 'C:/Program Files/Unity/Hub/Editor/2020.3.2f1/Editor/Data/MonoBleedingEdge/etc'
Using monoOptions --debugger-agent=transport=dt_socket,embedding=1,server=y,suspend=n,address=127.0.0.1:56832
Begin MonoManager ReloadAssembly
Registering precompiled unity dll's ...
Register platform support module: C:/Program Files/Unity/Hub/Editor/2020.3.2f1/Editor/Data/PlaybackEngines/WebGLSupport/UnityEditor.WebGL.Extensions.dll
Register platform support module: C:/Program Files/Unity/Hub/Editor/2020.3.2f1/Editor/Data/PlaybackEngines/MacStandaloneSupport/UnityEditor.OSXStandalone.Extensions.dll
Register platform support module: C:/Program Files/Unity/Hub/Editor/2020.3.2f1/Editor/Data/PlaybackEngines/WindowsStandaloneSupport/UnityEditor.WindowsStandalone.Extensions.dll
Register platform support module: C:/Program Files/Unity/Hub/Editor/2020.3.2f1/Editor/Data/PlaybackEngines/LinuxStandaloneSupport/UnityEditor.LinuxStandalone.Extensions.dll
Registered in 0.004273 seconds.
Native extension for LinuxStandalone target not found
Native extension for WindowsStandalone target not found
Native extension for OSXStandalone target not found
Native extension for WebGL target not found
Refreshing native plugins compatible for Editor in 54.55 ms, found 1 plugins.
Preloading 0 native plugins for Editor in 0.00 ms.
Invoked RoslynAnalysisRunner static constructor.
RoslynAnalysisRunner will not be running.
RoslynAnalysisRunner has terminated.
Mono: successfully reloaded assembly
- Completed reload, in  1.498 seconds
Platform modules already initialized, skipping
Registering precompiled user dll's ...
Registered in 0.001234 seconds.
Begin MonoManager ReloadAssembly
Native extension for LinuxStandalone target not found
Native extension for WindowsStandalone target not found
Native extension for OSXStandalone target not found
Native extension for WebGL target not found
Refreshing native plugins compatible for Editor in 53.00 ms, found 1 plugins.
Preloading 0 native plugins for Editor in 0.00 ms.
Invoked RoslynAnalysisRunner static constructor.
RoslynAnalysisRunner will not be running.
RoslynAnalysisRunner has terminated.
Mono: successfully reloaded assembly
- Completed reload, in  1.294 seconds
Platform modules already initialized, skipping
========================================================================
Worker process is ready to serve import requests
Launched and connected shader compiler UnityShaderCompiler.exe after 0.05 seconds
Refreshing native plugins compatible for Editor in 0.54 ms, found 1 plugins.
Preloading 0 native plugins for Editor in 0.00 ms.
Unloading 2022 Unused Serialized files (Serialized files now loaded: 0)
System memory in use before: 94.2 MB.
System memory in use after: 94.3 MB.

Unloading 20 unused Assets to reduce memory usage. Loaded Objects now: 2471.
Total: 3.037300 ms (FindLiveObjects: 0.357700 ms CreateObjectMapping: 0.128900 ms MarkObjects: 2.464000 ms  DeleteObjects: 0.084900 ms)

========================================================================
Received Import Request.
  path: Assets/Animations/UI/KeyAnimation.anim
  artifactKey: Guid(2db37bdeddabbe545a88299aec9e7790) Importer(815301076,1909f56bfc062723c751e8b465ee728b)
Start importing Assets/Animations/UI/KeyAnimation.anim using Guid(2db37bdeddabbe545a88299aec9e7790) Importer(815301076,1909f56bfc062723c751e8b465ee728b)  -> (artifact id: '8f6598be697189b667d9ac39b163242d') in 0.107213 seconds
  Import took 0.111819 seconds .

========================================================================
Received Import Request.
  Time since last request: 5.182752 seconds.
  path: Assets/Animations/Diana
  artifactKey: Guid(290b06c834060b842b517ec9ba8da30f) Importer(815301076,1909f56bfc062723c751e8b465ee728b)
Start importing Assets/Animations/Diana using Guid(290b06c834060b842b517ec9ba8da30f) Importer(815301076,1909f56bfc062723c751e8b465ee728b)  -> (artifact id: 'bfc9f2982db1999911c762e669695687') in 0.017867 seconds
  Import took 0.022959 seconds .

========================================================================
Received Import Request.
  Time since last request: 272.716044 seconds.
  path: Assets/Scripts/Tutorial.cs
  artifactKey: Guid(0f687a092f1add041941d95fa9745187) Importer(815301076,1909f56bfc062723c751e8b465ee728b)
Start importing Assets/Scripts/Tutorial.cs using Guid(0f687a092f1add041941d95fa9745187) Importer(815301076,1909f56bfc062723c751e8b465ee728b)  -> (artifact id: 'a063ab6a5a524d0c82f5f8c2d3afd76e') in 0.042855 seconds
  Import took 0.067911 seconds .

========================================================================
Received Import Request.
  Time since last request: 18.894443 seconds.
  path: Assets/Scripts/PlayerRespawn.cs
  artifactKey: Guid(6419a592d137a884c9940b6b139cb8f8) Importer(815301076,1909f56bfc062723c751e8b465ee728b)
Start importing Assets/Scripts/PlayerRespawn.cs using Guid(6419a592d137a884c9940b6b139cb8f8) Importer(815301076,1909f56bfc062723c751e8b465ee728b)  -> (artifact id: 'fb8794842ab5b7fd7c6c047d1173e444') in 0.021376 seconds
  Import took 0.026406 seconds .

========================================================================
Received Import Request.
  Time since last request: 1.919737 seconds.
  path: Assets/Scripts/PlayerMovement.cs
  artifactKey: Guid(66993697dcdbe2542b5b12654187091d) Importer(815301076,1909f56bfc062723c751e8b465ee728b)
Start importing Assets/Scripts/PlayerMovement.cs using Guid(66993697dcdbe2542b5b12654187091d) Importer(815301076,1909f56bfc062723c751e8b465ee728b)  -> (artifact id: 'f5c3eabd6fd374270e0a0d549ddcb165') in 0.023025 seconds
  Import took 0.027140 seconds .

========================================================================
Received Import Request.
  Time since last request: 3.783835 seconds.
  path: Assets/Scripts/PlayerAudio.cs
  artifactKey: Guid(87f63172310d5fc428e0a8ca931d727b) Importer(815301076,1909f56bfc062723c751e8b465ee728b)
Start importing Assets/Scripts/PlayerAudio.cs using Guid(87f63172310d5fc428e0a8ca931d727b) Importer(815301076,1909f56bfc062723c751e8b465ee728b)  -> (artifact id: '113e8c3283993b1ba24ee58f383d4f05') in 0.026275 seconds
  Import took 0.040160 seconds .

========================================================================
Received Import Request.
  Time since last request: 18.129892 seconds.
  path: Assets/Scenes/Game.unity
  artifactKey: Guid(7b36aa53531aef946bb232f6d4d8cf5c) Importer(815301076,1909f56bfc062723c751e8b465ee728b)
Start importing Assets/Scenes/Game.unity using Guid(7b36aa53531aef946bb232f6d4d8cf5c) Importer(815301076,1909f56bfc062723c751e8b465ee728b)  -> (artifact id: 'c0fc438e54c295fd9b6a8040651769c3') in 0.029809 seconds
  Import took 0.033953 seconds .

========================================================================
Received Import Request.
  Time since last request: 1.765905 seconds.
  path: Assets/Scenes/Level_00.unity
  artifactKey: Guid(6d5a62bc0405f364ea098eaa8e653265) Importer(815301076,1909f56bfc062723c751e8b465ee728b)
Start importing Assets/Scenes/Level_00.unity using Guid(6d5a62bc0405f364ea098eaa8e653265) Importer(815301076,1909f56bfc062723c751e8b465ee728b)  -> (artifact id: '0799f2302f565d1a52057e3ec5db9f49') in 0.010520 seconds
  Import took 0.014748 seconds .

========================================================================
Received Import Request.
  Time since last request: 9740.830496 seconds.
  path: Assets/Scripts/PlayerMovement.cs
  artifactKey: Guid(66993697dcdbe2542b5b12654187091d) Importer(815301076,1909f56bfc062723c751e8b465ee728b)
Start importing Assets/Scripts/PlayerMovement.cs using Guid(66993697dcdbe2542b5b12654187091d) Importer(815301076,1909f56bfc062723c751e8b465ee728b)  -> (artifact id: 'a271eed25dbfc3afd8c932e63fc31c76') in 0.012768 seconds
  Import took 0.078092 seconds .

========================================================================
Received Prepare
Registering precompiled user dll's ...
Registered in 0.001413 seconds.
Begin MonoManager ReloadAssembly
Native extension for LinuxStandalone target not found
Native extension for WindowsStandalone target not found
Native extension for OSXStandalone target not found
Native extension for WebGL target not found
Refreshing native plugins compatible for Editor in 0.48 ms, found 1 plugins.
Preloading 0 native plugins for Editor in 0.00 ms.
Invoked RoslynAnalysisRunner static constructor.
RoslynAnalysisRunner will not be running.
RoslynAnalysisRunner has terminated.
Mono: successfully reloaded assembly
- Completed reload, in  1.240 seconds
Platform modules already initialized, skipping
Refreshing native plugins compatible for Editor in 0.55 ms, found 1 plugins.
Preloading 0 native plugins for Editor in 0.00 ms.
Unloading 1996 Unused Serialized files (Serialized files now loaded: 0)
System memory in use before: 92.2 MB.
System memory in use after: 92.3 MB.

Unloading 8 unused Assets to reduce memory usage. Loaded Objects now: 2475.
Total: 2.408200 ms (FindLiveObjects: 0.219200 ms CreateObjectMapping: 0.095800 ms MarkObjects: 2.069100 ms  DeleteObjects: 0.022300 ms)

========================================================================
Received Prepare
Registering precompiled user dll's ...
Registered in 0.001313 seconds.
Begin MonoManager ReloadAssembly
Native extension for LinuxStandalone target not found
Native extension for WindowsStandalone target not found
Native extension for OSXStandalone target not found
Native extension for WebGL target not found
Refreshing native plugins compatible for Editor in 0.57 ms, found 1 plugins.
Preloading 0 native plugins for Editor in 0.00 ms.
Invoked RoslynAnalysisRunner static constructor.
RoslynAnalysisRunner will not be running.
RoslynAnalysisRunner has terminated.
Mono: successfully reloaded assembly
- Completed reload, in  1.187 seconds
Platform modules already initialized, skipping
Refreshing native plugins compatible for Editor in 0.48 ms, found 1 plugins.
Preloading 0 native plugins for Editor in 0.00 ms.
Unloading 1996 Unused Serialized files (Serialized files now loaded: 0)
System memory in use before: 92.2 MB.
System memory in use after: 92.4 MB.

Unloading 8 unused Assets to reduce memory usage. Loaded Objects now: 2479.
Total: 2.494200 ms (FindLiveObjects: 0.234800 ms CreateObjectMapping: 0.096100 ms MarkObjects: 2.099800 ms  DeleteObjects: 0.062200 ms)

========================================================================
Received Prepare
Registering precompiled user dll's ...
Registered in 0.001351 seconds.
Begin MonoManager ReloadAssembly
Native extension for LinuxStandalone target not found
Native extension for WindowsStandalone target not found
Native extension for OSXStandalone target not found
Native extension for WebGL target not found
Refreshing native plugins compatible for Editor in 0.56 ms, found 1 plugins.
Preloading 0 native plugins for Editor in 0.00 ms.
Invoked RoslynAnalysisRunner static constructor.
RoslynAnalysisRunner will not be running.
RoslynAnalysisRunner has terminated.
Mono: successfully reloaded assembly
- Completed reload, in  1.152 seconds
Platform modules already initialized, skipping
Refreshing native plugins compatible for Editor in 0.56 ms, found 1 plugins.
Preloading 0 native plugins for Editor in 0.00 ms.
Unloading 1996 Unused Serialized files (Serialized files now loaded: 0)
System memory in use before: 92.3 MB.
System memory in use after: 92.4 MB.

Unloading 8 unused Assets to reduce memory usage. Loaded Objects now: 2483.
Total: 2.855300 ms (FindLiveObjects: 0.318100 ms CreateObjectMapping: 0.187600 ms MarkObjects: 2.330800 ms  DeleteObjects: 0.017300 ms)

========================================================================
Received Prepare
Registering precompiled user dll's ...
Registered in 0.001329 seconds.
Begin MonoManager ReloadAssembly
Native extension for LinuxStandalone target not found
Native extension for WindowsStandalone target not found
Native extension for OSXStandalone target not found
Native extension for WebGL target not found
Refreshing native plugins compatible for Editor in 0.48 ms, found 1 plugins.
Preloading 0 native plugins for Editor in 0.00 ms.
Invoked RoslynAnalysisRunner static constructor.
RoslynAnalysisRunner will not be running.
RoslynAnalysisRunner has terminated.
Mono: successfully reloaded assembly
- Completed reload, in  1.257 seconds
Platform modules already initialized, skipping
Refreshing native plugins compatible for Editor in 0.48 ms, found 1 plugins.
Preloading 0 native plugins for Editor in 0.00 ms.
Unloading 1996 Unused Serialized files (Serialized files now loaded: 0)
System memory in use before: 92.3 MB.
System memory in use after: 92.4 MB.

Unloading 8 unused Assets to reduce memory usage. Loaded Objects now: 2487.
Total: 2.332200 ms (FindLiveObjects: 0.217000 ms CreateObjectMapping: 0.092700 ms MarkObjects: 1.973500 ms  DeleteObjects: 0.048100 ms)

========================================================================
Received Prepare
Registering precompiled user dll's ...
Registered in 0.001239 seconds.
Begin MonoManager ReloadAssembly
Native extension for LinuxStandalone target not found
Native extension for WindowsStandalone target not found
Native extension for OSXStandalone target not found
Native extension for WebGL target not found
Refreshing native plugins compatible for Editor in 0.51 ms, found 1 plugins.
Preloading 0 native plugins for Editor in 0.00 ms.
Invoked RoslynAnalysisRunner static constructor.
RoslynAnalysisRunner will not be running.
RoslynAnalysisRunner has terminated.
Mono: successfully reloaded assembly
- Completed reload, in  1.136 seconds
Platform modules already initialized, skipping
Refreshing native plugins compatible for Editor in 0.50 ms, found 1 plugins.
Preloading 0 native plugins for Editor in 0.00 ms.
Unloading 1996 Unused Serialized files (Serialized files now loaded: 0)
System memory in use before: 92.3 MB.
System memory in use after: 92.4 MB.

Unloading 8 unused Assets to reduce memory usage. Loaded Objects now: 2491.
Total: 3.361800 ms (FindLiveObjects: 0.211800 ms CreateObjectMapping: 0.091900 ms MarkObjects: 3.033200 ms  DeleteObjects: 0.023300 ms)

========================================================================
Received Prepare
Registering precompiled user dll's ...
Registered in 0.001329 seconds.
Begin MonoManager ReloadAssembly
Native extension for LinuxStandalone target not found
Native extension for WindowsStandalone target not found
Native extension for OSXStandalone target not found
Native extension for WebGL target not found
Refreshing native plugins compatible for Editor in 1.04 ms, found 1 plugins.
Preloading 0 native plugins for Editor in 0.00 ms.
Invoked RoslynAnalysisRunner static constructor.
RoslynAnalysisRunner will not be running.
RoslynAnalysisRunner has terminated.
Mono: successfully reloaded assembly
- Completed reload, in  1.128 seconds
Platform modules already initialized, skipping
Refreshing native plugins compatible for Editor in 0.51 ms, found 1 plugins.
Preloading 0 native plugins for Editor in 0.00 ms.
Unloading 1996 Unused Serialized files (Serialized files now loaded: 0)
System memory in use before: 92.3 MB.
System memory in use after: 92.4 MB.

Unloading 8 unused Assets to reduce memory usage. Loaded Objects now: 2495.
Total: 2.834500 ms (FindLiveObjects: 0.278100 ms CreateObjectMapping: 0.188300 ms MarkObjects: 2.347600 ms  DeleteObjects: 0.019200 ms)

========================================================================
Received Prepare
Registering precompiled user dll's ...
Registered in 0.001355 seconds.
Begin MonoManager ReloadAssembly
Native extension for LinuxStandalone target not found
Native extension for WindowsStandalone target not found
Native extension for OSXStandalone target not found
Native extension for WebGL target not found
Refreshing native plugins compatible for Editor in 0.49 ms, found 1 plugins.
Preloading 0 native plugins for Editor in 0.00 ms.
Invoked RoslynAnalysisRunner static constructor.
RoslynAnalysisRunner will not be running.
RoslynAnalysisRunner has terminated.
Mono: successfully reloaded assembly
- Completed reload, in  1.163 seconds
Platform modules already initialized, skipping
Refreshing native plugins compatible for Editor in 0.49 ms, found 1 plugins.
Preloading 0 native plugins for Editor in 0.00 ms.
Unloading 1996 Unused Serialized files (Serialized files now loaded: 0)
System memory in use before: 92.3 MB.
System memory in use after: 92.4 MB.

Unloading 8 unused Assets to reduce memory usage. Loaded Objects now: 2499.
Total: 2.406500 ms (FindLiveObjects: 0.208300 ms CreateObjectMapping: 0.091200 ms MarkObjects: 2.059100 ms  DeleteObjects: 0.046900 ms)

========================================================================
Received Import Request.
  Time since last request: 7593.081275 seconds.
  path: Assets/Score.cs
  artifactKey: Guid(70b145115f1854e44ad979c192256dc6) Importer(815301076,1909f56bfc062723c751e8b465ee728b)
Start importing Assets/Score.cs using Guid(70b145115f1854e44ad979c192256dc6) Importer(815301076,1909f56bfc062723c751e8b465ee728b)  -> (artifact id: 'ae591fc7ab8fcb291dc012033d93ef02') in 0.028334 seconds
  Import took 0.047268 seconds .

========================================================================
Received Prepare
Registering precompiled user dll's ...
Registered in 0.001266 seconds.
Begin MonoManager ReloadAssembly
Native extension for LinuxStandalone target not found
Native extension for WindowsStandalone target not found
Native extension for OSXStandalone target not found
Native extension for WebGL target not found
Refreshing native plugins compatible for Editor in 0.54 ms, found 1 plugins.
Preloading 0 native plugins for Editor in 0.00 ms.
Invoked RoslynAnalysisRunner static constructor.
RoslynAnalysisRunner will not be running.
RoslynAnalysisRunner has terminated.
Mono: successfully reloaded assembly
- Completed reload, in  1.213 seconds
Platform modules already initialized, skipping
Refreshing native plugins compatible for Editor in 0.47 ms, found 1 plugins.
Preloading 0 native plugins for Editor in 0.00 ms.
Unloading 1996 Unused Serialized files (Serialized files now loaded: 0)
System memory in use before: 92.3 MB.
System memory in use after: 92.4 MB.

Unloading 8 unused Assets to reduce memory usage. Loaded Objects now: 2503.
Total: 2.398500 ms (FindLiveObjects: 0.215600 ms CreateObjectMapping: 0.090700 ms MarkObjects: 2.050000 ms  DeleteObjects: 0.041100 ms)

========================================================================
Received Import Request.
  Time since last request: 187.140176 seconds.
  path: Assets/Scripts/CapeController.cs
  artifactKey: Guid(28da40a93f239c74eaf073ee4c0c0734) Importer(815301076,1909f56bfc062723c751e8b465ee728b)
Start importing Assets/Scripts/CapeController.cs using Guid(28da40a93f239c74eaf073ee4c0c0734) Importer(815301076,1909f56bfc062723c751e8b465ee728b)  -> (artifact id: '7f7fab4142dced49241b870e9ef35ebe') in 0.025611 seconds
  Import took 0.030353 seconds .

========================================================================
Received Import Request.
  Time since last request: 204.477415 seconds.
  path: Assets/Scripts/PlayerRespawn.cs
  artifactKey: Guid(6419a592d137a884c9940b6b139cb8f8) Importer(815301076,1909f56bfc062723c751e8b465ee728b)
Start importing Assets/Scripts/PlayerRespawn.cs using Guid(6419a592d137a884c9940b6b139cb8f8) Importer(815301076,1909f56bfc062723c751e8b465ee728b)  -> (artifact id: '82b092f95a5e229b0d9e24bef7332484') in 0.011522 seconds
  Import took 0.016438 seconds .

========================================================================
Received Import Request.
  Time since last request: 0.002965 seconds.
  path: Assets/Scripts/PlayerRespawn.cs
  artifactKey: Guid(6419a592d137a884c9940b6b139cb8f8) Importer(815301076,1909f56bfc062723c751e8b465ee728b)
Start importing Assets/Scripts/PlayerRespawn.cs using Guid(6419a592d137a884c9940b6b139cb8f8) Importer(815301076,1909f56bfc062723c751e8b465ee728b)  -> (artifact id: '82b092f95a5e229b0d9e24bef7332484') in 0.002978 seconds
  Import took 0.008233 seconds .

========================================================================
Received Import Request.
  Time since last request: 20.948041 seconds.
  path: Assets/Scripts/Options.cs
  artifactKey: Guid(d76df174dc4aa05449a66b7503242bcd) Importer(815301076,1909f56bfc062723c751e8b465ee728b)
Start importing Assets/Scripts/Options.cs using Guid(d76df174dc4aa05449a66b7503242bcd) Importer(815301076,1909f56bfc062723c751e8b465ee728b)  -> (artifact id: '46938d163968634fa06ecefa3b842662') in 0.009992 seconds
  Import took 0.028991 seconds .

AssetImportWorkerClient::OnTransportError - code=2 error=End of file
