Using pre-set license

 COMMAND LINE ARGUMENTS:
/Applications/Unity/Hub/Editor/2020.3.2f1/Unity.app/Contents/MacOS/Unity
-adb2
-batchMode
-noUpm
-name
AssetImportWorker0
-projectPath
/Users/caue/Desktop/solarum/Solarum
-logFile
Logs/AssetImportWorker0.log
-srvPort
53971
Successfully changed project path to: /Users/caue/Desktop/solarum/Solarum
/Users/caue/Desktop/solarum/Solarum
Using Asset Import Pipeline V2.
Refreshing native plugins compatible for Editor in 58.43 ms, found 2 plugins.
Preloading 0 native plugins for Editor in 0.00 ms.
Initialize engine version: 2020.3.2f1 (8fd9074bf66c)
[Subsystems] Discovering subsystems at path /Applications/Unity/Hub/Editor/2020.3.2f1/Unity.app/Contents/Resources/UnitySubsystems
[Subsystems] Discovering subsystems at path /Users/caue/Desktop/solarum/Solarum/Assets
GfxDevice: creating device client; threaded=0
2021-05-08 01:38:40.551 Unity[6069:153255] iMac preferred device: AMD Radeon Pro 570 (high power)
2021-05-08 01:38:40.551 Unity[6069:153255] Metal devices available: 1
2021-05-08 01:38:40.551 Unity[6069:153255] 0: AMD Radeon Pro 570 (high power)
2021-05-08 01:38:40.551 Unity[6069:153255] Using device AMD Radeon Pro 570 (high power)
Initializing Metal device caps: AMD Radeon Pro 570
Initialize mono
Mono path[0] = '/Applications/Unity/Hub/Editor/2020.3.2f1/Unity.app/Contents/Managed'
Mono path[1] = '/Applications/Unity/Hub/Editor/2020.3.2f1/Unity.app/Contents/MonoBleedingEdge/lib/mono/unityjit'
Mono config path = '/Applications/Unity/Hub/Editor/2020.3.2f1/Unity.app/Contents/MonoBleedingEdge/etc'
Using monoOptions --debugger-agent=transport=dt_socket,embedding=1,server=y,suspend=n,address=127.0.0.1:56069
Begin MonoManager ReloadAssembly
Registering precompiled unity dll's ...
Register platform support module: /Applications/Unity/Hub/Editor/2020.3.2f1/PlaybackEngines/WebGLSupport/UnityEditor.WebGL.Extensions.dll
Register platform support module: /Applications/Unity/Hub/Editor/2020.3.2f1/Unity.app/Contents/PlaybackEngines/MacStandaloneSupport/UnityEditor.OSXStandalone.Extensions.dll
Register platform support module: /Applications/Unity/Hub/Editor/2020.3.2f1/PlaybackEngines/WindowsStandaloneSupport/UnityEditor.WindowsStandalone.Extensions.dll
Registered in 0.000952 seconds.
Native extension for WindowsStandalone target not found
Native extension for OSXStandalone target not found
Native extension for WebGL target not found
Refreshing native plugins compatible for Editor in 48.49 ms, found 2 plugins.
Preloading 0 native plugins for Editor in 0.00 ms.
Invoked RoslynAnalysisRunner static constructor.
RoslynAnalysisRunner will not be running.
RoslynAnalysisRunner has terminated.
Mono: successfully reloaded assembly
- Completed reload, in  3.953 seconds
Platform modules already initialized, skipping
Registering precompiled user dll's ...
Registered in 0.000706 seconds.
Begin MonoManager ReloadAssembly
Native extension for WindowsStandalone target not found
Native extension for OSXStandalone target not found
Native extension for WebGL target not found
Refreshing native plugins compatible for Editor in 50.47 ms, found 2 plugins.
Preloading 0 native plugins for Editor in 0.00 ms.
Invoked RoslynAnalysisRunner static constructor.
RoslynAnalysisRunner will not be running.
RoslynAnalysisRunner has terminated.
Mono: successfully reloaded assembly
- Completed reload, in  1.433 seconds
Platform modules already initialized, skipping
========================================================================
Worker process is ready to serve import requests
Launching external process: /Applications/Unity/Hub/Editor/2020.3.2f1/Unity.app/Contents/Tools/UnityShaderCompiler
Launched and connected shader compiler UnityShaderCompiler after 0.02 seconds
Refreshing native plugins compatible for Editor in 0.39 ms, found 2 plugins.
Preloading 0 native plugins for Editor in 0.00 ms.
Unloading 2023 Unused Serialized files (Serialized files now loaded: 0)
System memory in use before: 161.9 MB.
System memory in use after: 162.0 MB.

Unloading 20 unused Assets to reduce memory usage. Loaded Objects now: 2472.
Total: 2.806938 ms (FindLiveObjects: 0.278702 ms CreateObjectMapping: 0.136363 ms MarkObjects: 2.287827 ms  DeleteObjects: 0.102925 ms)

========================================================================
Received Import Request.
  path: Assets/Scripts/Options.cs
  artifactKey: Guid(d76df174dc4aa05449a66b7503242bcd) Importer(815301076,1909f56bfc062723c751e8b465ee728b)
Start importing Assets/Scripts/Options.cs using Guid(d76df174dc4aa05449a66b7503242bcd) Importer(815301076,1909f56bfc062723c751e8b465ee728b)  -> (artifact id: '9dcb5be45aece8c96a6d37d02fe170cb') in 0.331051 seconds
  Import took 0.333971 seconds .

========================================================================
Received Import Request.
  Time since last request: 39.506870 seconds.
  path: Assets/Scenes/Credits.unity
  artifactKey: Guid(e4f6e086514b240a69a59f1e6949e0e6) Importer(815301076,1909f56bfc062723c751e8b465ee728b)
Start importing Assets/Scenes/Credits.unity using Guid(e4f6e086514b240a69a59f1e6949e0e6) Importer(815301076,1909f56bfc062723c751e8b465ee728b)  -> (artifact id: '16a19c08a37b7f66f3deff2826428468') in 0.013913 seconds
  Import took 0.017559 seconds .

========================================================================
Received Import Request.
  Time since last request: 0.001075 seconds.
  path: Assets/Scenes/Credits.unity
  artifactKey: Guid(e4f6e086514b240a69a59f1e6949e0e6) Importer(815301076,1909f56bfc062723c751e8b465ee728b)
Start importing Assets/Scenes/Credits.unity using Guid(e4f6e086514b240a69a59f1e6949e0e6) Importer(815301076,1909f56bfc062723c751e8b465ee728b)  -> (artifact id: '16a19c08a37b7f66f3deff2826428468') in 0.003106 seconds
  Import took 0.008899 seconds .

========================================================================
Received Prepare
Registering precompiled user dll's ...
Registered in 0.000701 seconds.
Begin MonoManager ReloadAssembly
Native extension for WindowsStandalone target not found
Native extension for OSXStandalone target not found
Native extension for WebGL target not found
Refreshing native plugins compatible for Editor in 0.55 ms, found 2 plugins.
Preloading 0 native plugins for Editor in 0.00 ms.
Invoked RoslynAnalysisRunner static constructor.
RoslynAnalysisRunner will not be running.
RoslynAnalysisRunner has terminated.
Mono: successfully reloaded assembly
- Completed reload, in  1.285 seconds
Platform modules already initialized, skipping
Refreshing native plugins compatible for Editor in 0.38 ms, found 2 plugins.
Preloading 0 native plugins for Editor in 0.00 ms.
Unloading 1997 Unused Serialized files (Serialized files now loaded: 0)
System memory in use before: 164.4 MB.
System memory in use after: 164.5 MB.

Unloading 8 unused Assets to reduce memory usage. Loaded Objects now: 2476.
Total: 2.567915 ms (FindLiveObjects: 0.237781 ms CreateObjectMapping: 0.083281 ms MarkObjects: 2.224000 ms  DeleteObjects: 0.021703 ms)

========================================================================
Received Import Request.
  Time since last request: 63.565967 seconds.
  path: Assets/Scripts/SceneIndexes.cs
  artifactKey: Guid(f04eabed24c4c7a498bcd3e51cd5a612) Importer(815301076,1909f56bfc062723c751e8b465ee728b)
Start importing Assets/Scripts/SceneIndexes.cs using Guid(f04eabed24c4c7a498bcd3e51cd5a612) Importer(815301076,1909f56bfc062723c751e8b465ee728b)  -> (artifact id: '68e138405095b26a86e571f2cb96cc6d') in 0.010673 seconds
  Import took 0.014298 seconds .

========================================================================
Received Prepare
Registering precompiled user dll's ...
Registered in 0.000635 seconds.
Begin MonoManager ReloadAssembly
Native extension for WindowsStandalone target not found
Native extension for OSXStandalone target not found
Native extension for WebGL target not found
Refreshing native plugins compatible for Editor in 0.38 ms, found 2 plugins.
Preloading 0 native plugins for Editor in 0.00 ms.
Invoked RoslynAnalysisRunner static constructor.
RoslynAnalysisRunner will not be running.
RoslynAnalysisRunner has terminated.
Mono: successfully reloaded assembly
- Completed reload, in  1.370 seconds
Platform modules already initialized, skipping
Refreshing native plugins compatible for Editor in 0.39 ms, found 2 plugins.
Preloading 0 native plugins for Editor in 0.00 ms.
Unloading 1997 Unused Serialized files (Serialized files now loaded: 0)
System memory in use before: 164.6 MB.
System memory in use after: 164.8 MB.

Unloading 8 unused Assets to reduce memory usage. Loaded Objects now: 2480.
Total: 2.690319 ms (FindLiveObjects: 0.335142 ms CreateObjectMapping: 0.123086 ms MarkObjects: 2.211912 ms  DeleteObjects: 0.019041 ms)

========================================================================
Received Prepare
Registering precompiled user dll's ...
Registered in 0.000711 seconds.
Begin MonoManager ReloadAssembly
Native extension for WindowsStandalone target not found
Native extension for OSXStandalone target not found
Native extension for WebGL target not found
Refreshing native plugins compatible for Editor in 0.50 ms, found 2 plugins.
Preloading 0 native plugins for Editor in 0.00 ms.
Invoked RoslynAnalysisRunner static constructor.
RoslynAnalysisRunner will not be running.
RoslynAnalysisRunner has terminated.
Mono: successfully reloaded assembly
- Completed reload, in  1.301 seconds
Platform modules already initialized, skipping
Refreshing native plugins compatible for Editor in 0.38 ms, found 2 plugins.
Preloading 0 native plugins for Editor in 0.00 ms.
Unloading 1997 Unused Serialized files (Serialized files now loaded: 0)
System memory in use before: 164.9 MB.
System memory in use after: 165.0 MB.

Unloading 8 unused Assets to reduce memory usage. Loaded Objects now: 2484.
Total: 3.768298 ms (FindLiveObjects: 0.234733 ms CreateObjectMapping: 0.091379 ms MarkObjects: 3.423126 ms  DeleteObjects: 0.017328 ms)

========================================================================
Received Prepare
Registering precompiled user dll's ...
Registered in 0.000632 seconds.
Begin MonoManager ReloadAssembly
Native extension for WindowsStandalone target not found
Native extension for OSXStandalone target not found
Native extension for WebGL target not found
Refreshing native plugins compatible for Editor in 0.38 ms, found 2 plugins.
Preloading 0 native plugins for Editor in 0.00 ms.
Invoked RoslynAnalysisRunner static constructor.
RoslynAnalysisRunner will not be running.
RoslynAnalysisRunner has terminated.
Mono: successfully reloaded assembly
- Completed reload, in  1.127 seconds
Platform modules already initialized, skipping
Refreshing native plugins compatible for Editor in 0.38 ms, found 2 plugins.
Preloading 0 native plugins for Editor in 0.00 ms.
Unloading 1997 Unused Serialized files (Serialized files now loaded: 0)
System memory in use before: 165.1 MB.
System memory in use after: 165.2 MB.

Unloading 8 unused Assets to reduce memory usage. Loaded Objects now: 2488.
Total: 2.206085 ms (FindLiveObjects: 0.289126 ms CreateObjectMapping: 0.073887 ms MarkObjects: 1.825860 ms  DeleteObjects: 0.016095 ms)

========================================================================
Received Prepare
Registering precompiled user dll's ...
Registered in 0.000667 seconds.
Begin MonoManager ReloadAssembly
Native extension for WindowsStandalone target not found
Native extension for OSXStandalone target not found
Native extension for WebGL target not found
Refreshing native plugins compatible for Editor in 0.43 ms, found 2 plugins.
Preloading 0 native plugins for Editor in 0.00 ms.
Invoked RoslynAnalysisRunner static constructor.
RoslynAnalysisRunner will not be running.
RoslynAnalysisRunner has terminated.
Mono: successfully reloaded assembly
- Completed reload, in  1.089 seconds
Platform modules already initialized, skipping
Refreshing native plugins compatible for Editor in 0.38 ms, found 2 plugins.
Preloading 0 native plugins for Editor in 0.00 ms.
Unloading 1997 Unused Serialized files (Serialized files now loaded: 0)
System memory in use before: 165.3 MB.
System memory in use after: 165.4 MB.

Unloading 8 unused Assets to reduce memory usage. Loaded Objects now: 2492.
Total: 2.122747 ms (FindLiveObjects: 0.293336 ms CreateObjectMapping: 0.075031 ms MarkObjects: 1.737247 ms  DeleteObjects: 0.016035 ms)

========================================================================
Received Prepare
Registering precompiled user dll's ...
Registered in 0.000617 seconds.
Begin MonoManager ReloadAssembly
Native extension for WindowsStandalone target not found
Native extension for OSXStandalone target not found
Native extension for WebGL target not found
Refreshing native plugins compatible for Editor in 0.38 ms, found 2 plugins.
Preloading 0 native plugins for Editor in 0.00 ms.
Invoked RoslynAnalysisRunner static constructor.
RoslynAnalysisRunner will not be running.
RoslynAnalysisRunner has terminated.
Mono: successfully reloaded assembly
- Completed reload, in  1.108 seconds
Platform modules already initialized, skipping
Refreshing native plugins compatible for Editor in 0.42 ms, found 2 plugins.
Preloading 0 native plugins for Editor in 0.00 ms.
Unloading 1997 Unused Serialized files (Serialized files now loaded: 0)
System memory in use before: 165.6 MB.
System memory in use after: 165.7 MB.

Unloading 8 unused Assets to reduce memory usage. Loaded Objects now: 2496.
Total: 2.111214 ms (FindLiveObjects: 0.273094 ms CreateObjectMapping: 0.070748 ms MarkObjects: 1.752360 ms  DeleteObjects: 0.014047 ms)

========================================================================
Received Prepare
Registering precompiled user dll's ...
Registered in 0.000612 seconds.
Begin MonoManager ReloadAssembly
Native extension for WindowsStandalone target not found
Native extension for OSXStandalone target not found
Native extension for WebGL target not found
Refreshing native plugins compatible for Editor in 0.38 ms, found 2 plugins.
Preloading 0 native plugins for Editor in 0.00 ms.
Invoked RoslynAnalysisRunner static constructor.
RoslynAnalysisRunner will not be running.
RoslynAnalysisRunner has terminated.
Mono: successfully reloaded assembly
- Completed reload, in  1.061 seconds
Platform modules already initialized, skipping
Refreshing native plugins compatible for Editor in 0.49 ms, found 2 plugins.
Preloading 0 native plugins for Editor in 0.00 ms.
Unloading 1997 Unused Serialized files (Serialized files now loaded: 0)
System memory in use before: 165.8 MB.
System memory in use after: 165.9 MB.

Unloading 8 unused Assets to reduce memory usage. Loaded Objects now: 2500.
Total: 2.080559 ms (FindLiveObjects: 0.264976 ms CreateObjectMapping: 0.061401 ms MarkObjects: 1.736935 ms  DeleteObjects: 0.016046 ms)

========================================================================
Received Import Request.
  Time since last request: 324.442320 seconds.
  path: Assets/Scenes/level1.unity
  artifactKey: Guid(1e2beac28f5b54d949de6ce6e507e631) Importer(815301076,1909f56bfc062723c751e8b465ee728b)
Start importing Assets/Scenes/level1.unity using Guid(1e2beac28f5b54d949de6ce6e507e631) Importer(815301076,1909f56bfc062723c751e8b465ee728b)  -> (artifact id: '0edd47644e1515dfd4be5d95af46f81b') in 0.014089 seconds
  Import took 0.017751 seconds .

========================================================================
Received Import Request.
  Time since last request: 1.749326 seconds.
  path: Assets/Scenes/Menu.unity
  artifactKey: Guid(7d3fcb5866c264f4782eb05eebccfefb) Importer(815301076,1909f56bfc062723c751e8b465ee728b)
Start importing Assets/Scenes/Menu.unity using Guid(7d3fcb5866c264f4782eb05eebccfefb) Importer(815301076,1909f56bfc062723c751e8b465ee728b)  -> (artifact id: '02e44e5e11d25fc9d50280f8e6324a1e') in 0.001572 seconds
  Import took 0.005785 seconds .

========================================================================
Received Prepare
Registering precompiled user dll's ...
Registered in 0.000620 seconds.
Begin MonoManager ReloadAssembly
Native extension for WindowsStandalone target not found
Native extension for OSXStandalone target not found
Native extension for WebGL target not found
Refreshing native plugins compatible for Editor in 0.38 ms, found 2 plugins.
Preloading 0 native plugins for Editor in 0.00 ms.
Invoked RoslynAnalysisRunner static constructor.
RoslynAnalysisRunner will not be running.
RoslynAnalysisRunner has terminated.
Mono: successfully reloaded assembly
- Completed reload, in  1.053 seconds
Platform modules already initialized, skipping
Refreshing native plugins compatible for Editor in 0.38 ms, found 2 plugins.
Preloading 0 native plugins for Editor in 0.00 ms.
Unloading 1997 Unused Serialized files (Serialized files now loaded: 0)
System memory in use before: 166.0 MB.
System memory in use after: 166.1 MB.

Unloading 8 unused Assets to reduce memory usage. Loaded Objects now: 2504.
Total: 2.255687 ms (FindLiveObjects: 0.347012 ms CreateObjectMapping: 0.118562 ms MarkObjects: 1.771303 ms  DeleteObjects: 0.017596 ms)

========================================================================
Received Prepare
Registering precompiled user dll's ...
Registered in 0.001406 seconds.
Begin MonoManager ReloadAssembly
Native extension for WindowsStandalone target not found
Native extension for OSXStandalone target not found
Native extension for WebGL target not found
Refreshing native plugins compatible for Editor in 0.43 ms, found 2 plugins.
Preloading 0 native plugins for Editor in 0.00 ms.
Invoked RoslynAnalysisRunner static constructor.
RoslynAnalysisRunner will not be running.
RoslynAnalysisRunner has terminated.
Mono: successfully reloaded assembly
- Completed reload, in  1.068 seconds
Platform modules already initialized, skipping
Refreshing native plugins compatible for Editor in 0.39 ms, found 2 plugins.
Preloading 0 native plugins for Editor in 0.00 ms.
Unloading 1997 Unused Serialized files (Serialized files now loaded: 0)
System memory in use before: 166.3 MB.
System memory in use after: 166.4 MB.

Unloading 8 unused Assets to reduce memory usage. Loaded Objects now: 2508.
Total: 1.951703 ms (FindLiveObjects: 0.276911 ms CreateObjectMapping: 0.072713 ms MarkObjects: 1.586886 ms  DeleteObjects: 0.013516 ms)

========================================================================
Received Prepare
Registering precompiled user dll's ...
Registered in 0.000905 seconds.
Begin MonoManager ReloadAssembly
Native extension for WindowsStandalone target not found
Native extension for OSXStandalone target not found
Native extension for WebGL target not found
Refreshing native plugins compatible for Editor in 0.38 ms, found 2 plugins.
Preloading 0 native plugins for Editor in 0.00 ms.
Invoked RoslynAnalysisRunner static constructor.
RoslynAnalysisRunner will not be running.
RoslynAnalysisRunner has terminated.
Mono: successfully reloaded assembly
- Completed reload, in  1.094 seconds
Platform modules already initialized, skipping
Refreshing native plugins compatible for Editor in 0.38 ms, found 2 plugins.
Preloading 0 native plugins for Editor in 0.00 ms.
Unloading 1997 Unused Serialized files (Serialized files now loaded: 0)
System memory in use before: 166.5 MB.
System memory in use after: 166.6 MB.

Unloading 8 unused Assets to reduce memory usage. Loaded Objects now: 2512.
Total: 1.905333 ms (FindLiveObjects: 0.235902 ms CreateObjectMapping: 0.071744 ms MarkObjects: 1.584305 ms  DeleteObjects: 0.012528 ms)

========================================================================
Received Prepare
Registering precompiled user dll's ...
Registered in 0.000623 seconds.
Begin MonoManager ReloadAssembly
Native extension for WindowsStandalone target not found
Native extension for OSXStandalone target not found
Native extension for WebGL target not found
Refreshing native plugins compatible for Editor in 0.38 ms, found 2 plugins.
Preloading 0 native plugins for Editor in 0.00 ms.
Invoked RoslynAnalysisRunner static constructor.
RoslynAnalysisRunner will not be running.
RoslynAnalysisRunner has terminated.
Mono: successfully reloaded assembly
- Completed reload, in  1.159 seconds
Platform modules already initialized, skipping
Refreshing native plugins compatible for Editor in 0.55 ms, found 2 plugins.
Preloading 0 native plugins for Editor in 0.00 ms.
Unloading 1998 Unused Serialized files (Serialized files now loaded: 0)
System memory in use before: 166.7 MB.
System memory in use after: 166.8 MB.

Unloading 8 unused Assets to reduce memory usage. Loaded Objects now: 2517.
Total: 2.121307 ms (FindLiveObjects: 0.267184 ms CreateObjectMapping: 0.067937 ms MarkObjects: 1.771279 ms  DeleteObjects: 0.014004 ms)

========================================================================
Received Prepare
Registering precompiled user dll's ...
Registered in 0.013368 seconds.
Begin MonoManager ReloadAssembly
Native extension for WindowsStandalone target not found
Native extension for OSXStandalone target not found
Native extension for WebGL target not found
Refreshing native plugins compatible for Editor in 0.50 ms, found 2 plugins.
Preloading 0 native plugins for Editor in 0.00 ms.
Invoked RoslynAnalysisRunner static constructor.
RoslynAnalysisRunner will not be running.
RoslynAnalysisRunner has terminated.
Mono: successfully reloaded assembly
- Completed reload, in  1.145 seconds
Platform modules already initialized, skipping
Refreshing native plugins compatible for Editor in 0.37 ms, found 2 plugins.
Preloading 0 native plugins for Editor in 0.00 ms.
Unloading 1998 Unused Serialized files (Serialized files now loaded: 0)
System memory in use before: 167.0 MB.
System memory in use after: 167.1 MB.

Unloading 8 unused Assets to reduce memory usage. Loaded Objects now: 2521.
Total: 3.261382 ms (FindLiveObjects: 0.332967 ms CreateObjectMapping: 0.099115 ms MarkObjects: 2.810765 ms  DeleteObjects: 0.016862 ms)

========================================================================
Received Prepare
Registering precompiled user dll's ...
Registered in 0.000613 seconds.
Begin MonoManager ReloadAssembly
Native extension for WindowsStandalone target not found
Native extension for OSXStandalone target not found
Native extension for WebGL target not found
Refreshing native plugins compatible for Editor in 0.38 ms, found 2 plugins.
Preloading 0 native plugins for Editor in 0.00 ms.
Invoked RoslynAnalysisRunner static constructor.
RoslynAnalysisRunner will not be running.
RoslynAnalysisRunner has terminated.
Mono: successfully reloaded assembly
- Completed reload, in  1.059 seconds
Platform modules already initialized, skipping
Refreshing native plugins compatible for Editor in 0.38 ms, found 2 plugins.
Preloading 0 native plugins for Editor in 0.00 ms.
Unloading 1998 Unused Serialized files (Serialized files now loaded: 0)
System memory in use before: 167.2 MB.
System memory in use after: 167.3 MB.

Unloading 8 unused Assets to reduce memory usage. Loaded Objects now: 2525.
Total: 1.920320 ms (FindLiveObjects: 0.254224 ms CreateObjectMapping: 0.064483 ms MarkObjects: 1.587464 ms  DeleteObjects: 0.013053 ms)

========================================================================
Received Prepare
Registering precompiled user dll's ...
Registered in 0.000664 seconds.
Begin MonoManager ReloadAssembly
Native extension for WindowsStandalone target not found
Native extension for OSXStandalone target not found
Native extension for WebGL target not found
Refreshing native plugins compatible for Editor in 0.38 ms, found 2 plugins.
Preloading 0 native plugins for Editor in 0.00 ms.
Invoked RoslynAnalysisRunner static constructor.
RoslynAnalysisRunner will not be running.
RoslynAnalysisRunner has terminated.
Mono: successfully reloaded assembly
- Completed reload, in  1.037 seconds
Platform modules already initialized, skipping
Refreshing native plugins compatible for Editor in 0.39 ms, found 2 plugins.
Preloading 0 native plugins for Editor in 0.00 ms.
Unloading 1998 Unused Serialized files (Serialized files now loaded: 0)
System memory in use before: 167.4 MB.
System memory in use after: 167.5 MB.

Unloading 8 unused Assets to reduce memory usage. Loaded Objects now: 2529.
Total: 2.061120 ms (FindLiveObjects: 0.316055 ms CreateObjectMapping: 0.083455 ms MarkObjects: 1.645670 ms  DeleteObjects: 0.015102 ms)

========================================================================
Received Import Request.
  Time since last request: 755.949086 seconds.
  path: Assets/Scenes/Menu.unity
  artifactKey: Guid(7d3fcb5866c264f4782eb05eebccfefb) Importer(815301076,1909f56bfc062723c751e8b465ee728b)
Start importing Assets/Scenes/Menu.unity using Guid(7d3fcb5866c264f4782eb05eebccfefb) Importer(815301076,1909f56bfc062723c751e8b465ee728b)  -> (artifact id: 'e8b76182e12bcb9c61cd128e9ed359b8') in 0.017017 seconds
  Import took 0.020490 seconds .

========================================================================
Received Import Request.
  Time since last request: 16.124213 seconds.
  path: Assets/Scenes/Credits.unity
  artifactKey: Guid(e4f6e086514b240a69a59f1e6949e0e6) Importer(815301076,1909f56bfc062723c751e8b465ee728b)
Start importing Assets/Scenes/Credits.unity using Guid(e4f6e086514b240a69a59f1e6949e0e6) Importer(815301076,1909f56bfc062723c751e8b465ee728b)  -> (artifact id: 'f93811112ea2f94aa122b439a320f23f') in 0.005825 seconds
  Import took 0.009212 seconds .

========================================================================
Received Prepare
Registering precompiled user dll's ...
Registered in 0.000624 seconds.
Begin MonoManager ReloadAssembly
Native extension for WindowsStandalone target not found
Native extension for OSXStandalone target not found
Native extension for WebGL target not found
Refreshing native plugins compatible for Editor in 0.56 ms, found 2 plugins.
Preloading 0 native plugins for Editor in 0.00 ms.
Invoked RoslynAnalysisRunner static constructor.
RoslynAnalysisRunner will not be running.
RoslynAnalysisRunner has terminated.
Mono: successfully reloaded assembly
- Completed reload, in  1.160 seconds
Platform modules already initialized, skipping
Refreshing native plugins compatible for Editor in 0.66 ms, found 2 plugins.
Preloading 0 native plugins for Editor in 0.00 ms.
Unloading 1998 Unused Serialized files (Serialized files now loaded: 0)
System memory in use before: 167.7 MB.
System memory in use after: 167.8 MB.

Unloading 8 unused Assets to reduce memory usage. Loaded Objects now: 2533.
Total: 2.062177 ms (FindLiveObjects: 0.297623 ms CreateObjectMapping: 0.138129 ms MarkObjects: 1.610076 ms  DeleteObjects: 0.015235 ms)

========================================================================
Received Prepare
Registering precompiled user dll's ...
Registered in 0.000614 seconds.
Begin MonoManager ReloadAssembly
Native extension for WindowsStandalone target not found
Native extension for OSXStandalone target not found
Native extension for WebGL target not found
Refreshing native plugins compatible for Editor in 0.40 ms, found 2 plugins.
Preloading 0 native plugins for Editor in 0.00 ms.
Invoked RoslynAnalysisRunner static constructor.
RoslynAnalysisRunner will not be running.
RoslynAnalysisRunner has terminated.
Mono: successfully reloaded assembly
- Completed reload, in  1.053 seconds
Platform modules already initialized, skipping
Refreshing native plugins compatible for Editor in 0.38 ms, found 2 plugins.
Preloading 0 native plugins for Editor in 0.00 ms.
Unloading 1998 Unused Serialized files (Serialized files now loaded: 0)
System memory in use before: 167.9 MB.
System memory in use after: 168.0 MB.

Unloading 8 unused Assets to reduce memory usage. Loaded Objects now: 2537.
Total: 2.063938 ms (FindLiveObjects: 0.258859 ms CreateObjectMapping: 0.072446 ms MarkObjects: 1.716566 ms  DeleteObjects: 0.015296 ms)

========================================================================
Received Import Request.
  Time since last request: 50.498096 seconds.
  path: Assets/Scenes/Menu.unity
  artifactKey: Guid(7d3fcb5866c264f4782eb05eebccfefb) Importer(815301076,1909f56bfc062723c751e8b465ee728b)
Start importing Assets/Scenes/Menu.unity using Guid(7d3fcb5866c264f4782eb05eebccfefb) Importer(815301076,1909f56bfc062723c751e8b465ee728b)  -> (artifact id: '974f5ed07c520c33ed6a3125a6af105d') in 0.017293 seconds
  Import took 0.020438 seconds .

========================================================================
Received Prepare
Registering precompiled user dll's ...
Registered in 0.000629 seconds.
Begin MonoManager ReloadAssembly
Native extension for WindowsStandalone target not found
Native extension for OSXStandalone target not found
Native extension for WebGL target not found
Refreshing native plugins compatible for Editor in 0.38 ms, found 2 plugins.
Preloading 0 native plugins for Editor in 0.00 ms.
Invoked RoslynAnalysisRunner static constructor.
RoslynAnalysisRunner will not be running.
RoslynAnalysisRunner has terminated.
Mono: successfully reloaded assembly
- Completed reload, in  1.105 seconds
Platform modules already initialized, skipping
Refreshing native plugins compatible for Editor in 0.37 ms, found 2 plugins.
Preloading 0 native plugins for Editor in 0.00 ms.
Unloading 1998 Unused Serialized files (Serialized files now loaded: 0)
System memory in use before: 168.1 MB.
System memory in use after: 168.2 MB.

Unloading 8 unused Assets to reduce memory usage. Loaded Objects now: 2541.
Total: 3.466387 ms (FindLiveObjects: 0.297610 ms CreateObjectMapping: 0.178705 ms MarkObjects: 2.968407 ms  DeleteObjects: 0.020270 ms)

========================================================================
Received Prepare
Registering precompiled user dll's ...
Registered in 0.000708 seconds.
Begin MonoManager ReloadAssembly
Native extension for WindowsStandalone target not found
Native extension for OSXStandalone target not found
Native extension for WebGL target not found
Refreshing native plugins compatible for Editor in 0.50 ms, found 2 plugins.
Preloading 0 native plugins for Editor in 0.00 ms.
Invoked RoslynAnalysisRunner static constructor.
RoslynAnalysisRunner will not be running.
RoslynAnalysisRunner has terminated.
Mono: successfully reloaded assembly
- Completed reload, in  1.289 seconds
Platform modules already initialized, skipping
Refreshing native plugins compatible for Editor in 0.45 ms, found 2 plugins.
Preloading 0 native plugins for Editor in 0.00 ms.
Unloading 1998 Unused Serialized files (Serialized files now loaded: 0)
System memory in use before: 168.4 MB.
System memory in use after: 168.5 MB.

Unloading 8 unused Assets to reduce memory usage. Loaded Objects now: 2545.
Total: 2.799491 ms (FindLiveObjects: 0.383821 ms CreateObjectMapping: 0.325973 ms MarkObjects: 2.072012 ms  DeleteObjects: 0.015593 ms)

========================================================================
Received Prepare
Registering precompiled user dll's ...
Registered in 0.000771 seconds.
Begin MonoManager ReloadAssembly
Native extension for WindowsStandalone target not found
Native extension for OSXStandalone target not found
Native extension for WebGL target not found
Refreshing native plugins compatible for Editor in 0.69 ms, found 2 plugins.
Preloading 0 native plugins for Editor in 0.00 ms.
Invoked RoslynAnalysisRunner static constructor.
RoslynAnalysisRunner will not be running.
RoslynAnalysisRunner has terminated.
Mono: successfully reloaded assembly
- Completed reload, in  1.272 seconds
Platform modules already initialized, skipping
Refreshing native plugins compatible for Editor in 0.37 ms, found 2 plugins.
Preloading 0 native plugins for Editor in 0.00 ms.
Unloading 1998 Unused Serialized files (Serialized files now loaded: 0)
System memory in use before: 168.6 MB.
System memory in use after: 168.7 MB.

Unloading 8 unused Assets to reduce memory usage. Loaded Objects now: 2549.
Total: 2.001753 ms (FindLiveObjects: 0.268144 ms CreateObjectMapping: 0.063385 ms MarkObjects: 1.653266 ms  DeleteObjects: 0.016003 ms)

========================================================================
Received Prepare
Registering precompiled user dll's ...
Registered in 0.000648 seconds.
Begin MonoManager ReloadAssembly
Native extension for WindowsStandalone target not found
Native extension for OSXStandalone target not found
Native extension for WebGL target not found
Refreshing native plugins compatible for Editor in 0.38 ms, found 2 plugins.
Preloading 0 native plugins for Editor in 0.00 ms.
Invoked RoslynAnalysisRunner static constructor.
RoslynAnalysisRunner will not be running.
RoslynAnalysisRunner has terminated.
Mono: successfully reloaded assembly
- Completed reload, in  1.148 seconds
Platform modules already initialized, skipping
Refreshing native plugins compatible for Editor in 0.51 ms, found 2 plugins.
Preloading 0 native plugins for Editor in 0.00 ms.
Unloading 1998 Unused Serialized files (Serialized files now loaded: 0)
System memory in use before: 168.8 MB.
System memory in use after: 168.9 MB.

Unloading 8 unused Assets to reduce memory usage. Loaded Objects now: 2553.
Total: 3.380220 ms (FindLiveObjects: 0.388666 ms CreateObjectMapping: 0.099871 ms MarkObjects: 2.873635 ms  DeleteObjects: 0.016372 ms)

========================================================================
Received Prepare
Registering precompiled user dll's ...
Registered in 0.000619 seconds.
Begin MonoManager ReloadAssembly
Native extension for WindowsStandalone target not found
Native extension for OSXStandalone target not found
Native extension for WebGL target not found
Refreshing native plugins compatible for Editor in 0.38 ms, found 2 plugins.
Preloading 0 native plugins for Editor in 0.00 ms.
Invoked RoslynAnalysisRunner static constructor.
RoslynAnalysisRunner will not be running.
RoslynAnalysisRunner has terminated.
Mono: successfully reloaded assembly
- Completed reload, in  1.226 seconds
Platform modules already initialized, skipping
Refreshing native plugins compatible for Editor in 0.38 ms, found 2 plugins.
Preloading 0 native plugins for Editor in 0.00 ms.
Unloading 1998 Unused Serialized files (Serialized files now loaded: 0)
System memory in use before: 169.1 MB.
System memory in use after: 169.2 MB.

Unloading 8 unused Assets to reduce memory usage. Loaded Objects now: 2557.
Total: 2.454000 ms (FindLiveObjects: 0.266213 ms CreateObjectMapping: 0.067454 ms MarkObjects: 2.087862 ms  DeleteObjects: 0.018113 ms)

========================================================================
Received Prepare
Registering precompiled user dll's ...
Registered in 0.000957 seconds.
Begin MonoManager ReloadAssembly
Native extension for WindowsStandalone target not found
Native extension for OSXStandalone target not found
Native extension for WebGL target not found
Refreshing native plugins compatible for Editor in 0.38 ms, found 2 plugins.
Preloading 0 native plugins for Editor in 0.00 ms.
Invoked RoslynAnalysisRunner static constructor.
RoslynAnalysisRunner will not be running.
RoslynAnalysisRunner has terminated.
Mono: successfully reloaded assembly
- Completed reload, in  1.191 seconds
Platform modules already initialized, skipping
Refreshing native plugins compatible for Editor in 0.37 ms, found 2 plugins.
Preloading 0 native plugins for Editor in 0.00 ms.
Unloading 1998 Unused Serialized files (Serialized files now loaded: 0)
System memory in use before: 169.3 MB.
System memory in use after: 169.4 MB.

Unloading 8 unused Assets to reduce memory usage. Loaded Objects now: 2561.
Total: 2.190190 ms (FindLiveObjects: 0.214393 ms CreateObjectMapping: 0.063249 ms MarkObjects: 1.895821 ms  DeleteObjects: 0.015388 ms)

========================================================================
Received Prepare
Registering precompiled user dll's ...
Registered in 0.000631 seconds.
Begin MonoManager ReloadAssembly
Native extension for WindowsStandalone target not found
Native extension for OSXStandalone target not found
Native extension for WebGL target not found
Refreshing native plugins compatible for Editor in 0.38 ms, found 2 plugins.
Preloading 0 native plugins for Editor in 0.00 ms.
Invoked RoslynAnalysisRunner static constructor.
RoslynAnalysisRunner will not be running.
RoslynAnalysisRunner has terminated.
Mono: successfully reloaded assembly
- Completed reload, in  1.097 seconds
Platform modules already initialized, skipping
Refreshing native plugins compatible for Editor in 0.37 ms, found 2 plugins.
Preloading 0 native plugins for Editor in 0.00 ms.
Unloading 1998 Unused Serialized files (Serialized files now loaded: 0)
System memory in use before: 169.5 MB.
System memory in use after: 169.6 MB.

Unloading 8 unused Assets to reduce memory usage. Loaded Objects now: 2565.
Total: 2.423854 ms (FindLiveObjects: 0.327964 ms CreateObjectMapping: 0.111080 ms MarkObjects: 1.968673 ms  DeleteObjects: 0.015051 ms)

========================================================================
Received Import Request.
  Time since last request: 1182.638747 seconds.
  path: Assets/Scripts/PlayerMovement.cs
  artifactKey: Guid(66993697dcdbe2542b5b12654187091d) Importer(815301076,1909f56bfc062723c751e8b465ee728b)
Start importing Assets/Scripts/PlayerMovement.cs using Guid(66993697dcdbe2542b5b12654187091d) Importer(815301076,1909f56bfc062723c751e8b465ee728b)  -> (artifact id: 'f0661e3fd26aedf5ae761eb4462afdce') in 0.009683 seconds
  Import took 0.013073 seconds .

========================================================================
Received Import Request.
  Time since last request: 0.050359 seconds.
  path: Assets/Scripts/PlayerMovement.cs
  artifactKey: Guid(66993697dcdbe2542b5b12654187091d) Importer(815301076,1909f56bfc062723c751e8b465ee728b)
Start importing Assets/Scripts/PlayerMovement.cs using Guid(66993697dcdbe2542b5b12654187091d) Importer(815301076,1909f56bfc062723c751e8b465ee728b)  -> (artifact id: 'f0661e3fd26aedf5ae761eb4462afdce') in 0.004347 seconds
  Import took 0.008504 seconds .

========================================================================
Received Prepare
Registering precompiled user dll's ...
Registered in 0.011073 seconds.
Begin MonoManager ReloadAssembly
Native extension for WindowsStandalone target not found
Native extension for OSXStandalone target not found
Native extension for WebGL target not found
Refreshing native plugins compatible for Editor in 0.55 ms, found 2 plugins.
Preloading 0 native plugins for Editor in 0.00 ms.
Invoked RoslynAnalysisRunner static constructor.
RoslynAnalysisRunner will not be running.
RoslynAnalysisRunner has terminated.
Mono: successfully reloaded assembly
- Completed reload, in  1.072 seconds
Platform modules already initialized, skipping
Refreshing native plugins compatible for Editor in 0.46 ms, found 2 plugins.
Preloading 0 native plugins for Editor in 0.00 ms.
Unloading 1998 Unused Serialized files (Serialized files now loaded: 0)
System memory in use before: 169.8 MB.
System memory in use after: 169.9 MB.

Unloading 8 unused Assets to reduce memory usage. Loaded Objects now: 2569.
Total: 2.250239 ms (FindLiveObjects: 0.316034 ms CreateObjectMapping: 0.085133 ms MarkObjects: 1.831860 ms  DeleteObjects: 0.016033 ms)

========================================================================
Received Prepare
Registering precompiled user dll's ...
Registered in 0.000776 seconds.
Begin MonoManager ReloadAssembly
Native extension for WindowsStandalone target not found
Native extension for OSXStandalone target not found
Native extension for WebGL target not found
Refreshing native plugins compatible for Editor in 0.38 ms, found 2 plugins.
Preloading 0 native plugins for Editor in 0.00 ms.
Invoked RoslynAnalysisRunner static constructor.
RoslynAnalysisRunner will not be running.
RoslynAnalysisRunner has terminated.
Mono: successfully reloaded assembly
- Completed reload, in  1.118 seconds
Platform modules already initialized, skipping
Refreshing native plugins compatible for Editor in 0.37 ms, found 2 plugins.
Preloading 0 native plugins for Editor in 0.00 ms.
Unloading 1998 Unused Serialized files (Serialized files now loaded: 0)
System memory in use before: 170.0 MB.
System memory in use after: 170.1 MB.

Unloading 8 unused Assets to reduce memory usage. Loaded Objects now: 2573.
Total: 1.893561 ms (FindLiveObjects: 0.230522 ms CreateObjectMapping: 0.067206 ms MarkObjects: 1.580656 ms  DeleteObjects: 0.014393 ms)

========================================================================
Received Prepare
Registering precompiled user dll's ...
Registered in 0.000672 seconds.
Begin MonoManager ReloadAssembly
Native extension for WindowsStandalone target not found
Native extension for OSXStandalone target not found
Native extension for WebGL target not found
Refreshing native plugins compatible for Editor in 0.40 ms, found 2 plugins.
Preloading 0 native plugins for Editor in 0.00 ms.
Invoked RoslynAnalysisRunner static constructor.
RoslynAnalysisRunner will not be running.
RoslynAnalysisRunner has terminated.
Mono: successfully reloaded assembly
- Completed reload, in  1.094 seconds
Platform modules already initialized, skipping
Refreshing native plugins compatible for Editor in 0.37 ms, found 2 plugins.
Preloading 0 native plugins for Editor in 0.00 ms.
Unloading 1998 Unused Serialized files (Serialized files now loaded: 0)
System memory in use before: 170.3 MB.
System memory in use after: 170.4 MB.

Unloading 8 unused Assets to reduce memory usage. Loaded Objects now: 2577.
Total: 2.534303 ms (FindLiveObjects: 0.297400 ms CreateObjectMapping: 0.065448 ms MarkObjects: 2.153776 ms  DeleteObjects: 0.016688 ms)

========================================================================
Received Prepare
Registering precompiled user dll's ...
Registered in 0.017103 seconds.
Begin MonoManager ReloadAssembly
Native extension for WindowsStandalone target not found
Native extension for OSXStandalone target not found
Native extension for WebGL target not found
Refreshing native plugins compatible for Editor in 0.38 ms, found 2 plugins.
Preloading 0 native plugins for Editor in 0.00 ms.
Invoked RoslynAnalysisRunner static constructor.
RoslynAnalysisRunner will not be running.
RoslynAnalysisRunner has terminated.
Mono: successfully reloaded assembly
- Completed reload, in  1.205 seconds
Platform modules already initialized, skipping
Refreshing native plugins compatible for Editor in 0.47 ms, found 2 plugins.
Preloading 0 native plugins for Editor in 0.00 ms.
Unloading 1998 Unused Serialized files (Serialized files now loaded: 0)
System memory in use before: 170.5 MB.
System memory in use after: 170.6 MB.

Unloading 8 unused Assets to reduce memory usage. Loaded Objects now: 2581.
Total: 2.467233 ms (FindLiveObjects: 0.276105 ms CreateObjectMapping: 0.177279 ms MarkObjects: 1.996999 ms  DeleteObjects: 0.015758 ms)

========================================================================
Received Prepare
Registering precompiled user dll's ...
Registered in 0.000630 seconds.
Begin MonoManager ReloadAssembly
Native extension for WindowsStandalone target not found
Native extension for OSXStandalone target not found
Native extension for WebGL target not found
Refreshing native plugins compatible for Editor in 0.39 ms, found 2 plugins.
Preloading 0 native plugins for Editor in 0.00 ms.
Invoked RoslynAnalysisRunner static constructor.
RoslynAnalysisRunner will not be running.
RoslynAnalysisRunner has terminated.
Mono: successfully reloaded assembly
- Completed reload, in  1.070 seconds
Platform modules already initialized, skipping
Refreshing native plugins compatible for Editor in 0.38 ms, found 2 plugins.
Preloading 0 native plugins for Editor in 0.00 ms.
Unloading 1998 Unused Serialized files (Serialized files now loaded: 0)
System memory in use before: 170.7 MB.
System memory in use after: 170.9 MB.

Unloading 8 unused Assets to reduce memory usage. Loaded Objects now: 2585.
Total: 2.343156 ms (FindLiveObjects: 0.293623 ms CreateObjectMapping: 0.071142 ms MarkObjects: 1.959141 ms  DeleteObjects: 0.018042 ms)

========================================================================
Received Prepare
Registering precompiled user dll's ...
Registered in 0.000879 seconds.
Begin MonoManager ReloadAssembly
Native extension for WindowsStandalone target not found
Native extension for OSXStandalone target not found
Native extension for WebGL target not found
Refreshing native plugins compatible for Editor in 0.38 ms, found 2 plugins.
Preloading 0 native plugins for Editor in 0.00 ms.
Invoked RoslynAnalysisRunner static constructor.
RoslynAnalysisRunner will not be running.
RoslynAnalysisRunner has terminated.
Mono: successfully reloaded assembly
- Completed reload, in  1.156 seconds
Platform modules already initialized, skipping
Refreshing native plugins compatible for Editor in 0.38 ms, found 2 plugins.
Preloading 0 native plugins for Editor in 0.00 ms.
Unloading 1998 Unused Serialized files (Serialized files now loaded: 0)
System memory in use before: 171.0 MB.
System memory in use after: 171.1 MB.

Unloading 8 unused Assets to reduce memory usage. Loaded Objects now: 2589.
Total: 2.147799 ms (FindLiveObjects: 0.272037 ms CreateObjectMapping: 0.068981 ms MarkObjects: 1.792720 ms  DeleteObjects: 0.013164 ms)

========================================================================
Received Prepare
Registering precompiled user dll's ...
Registered in 0.000692 seconds.
Begin MonoManager ReloadAssembly
Native extension for WindowsStandalone target not found
Native extension for OSXStandalone target not found
Native extension for WebGL target not found
Refreshing native plugins compatible for Editor in 0.38 ms, found 2 plugins.
Preloading 0 native plugins for Editor in 0.00 ms.
Invoked RoslynAnalysisRunner static constructor.
RoslynAnalysisRunner will not be running.
RoslynAnalysisRunner has terminated.
Mono: successfully reloaded assembly
- Completed reload, in  1.119 seconds
Platform modules already initialized, skipping
Refreshing native plugins compatible for Editor in 0.38 ms, found 2 plugins.
Preloading 0 native plugins for Editor in 0.00 ms.
Unloading 1998 Unused Serialized files (Serialized files now loaded: 0)
System memory in use before: 171.2 MB.
System memory in use after: 171.3 MB.

Unloading 8 unused Assets to reduce memory usage. Loaded Objects now: 2593.
Total: 2.246238 ms (FindLiveObjects: 0.275385 ms CreateObjectMapping: 0.075871 ms MarkObjects: 1.879353 ms  DeleteObjects: 0.014652 ms)

========================================================================
Received Prepare
Registering precompiled user dll's ...
Registered in 0.000608 seconds.
Begin MonoManager ReloadAssembly
Native extension for WindowsStandalone target not found
Native extension for OSXStandalone target not found
Native extension for WebGL target not found
Refreshing native plugins compatible for Editor in 0.39 ms, found 2 plugins.
Preloading 0 native plugins for Editor in 0.00 ms.
Invoked RoslynAnalysisRunner static constructor.
RoslynAnalysisRunner will not be running.
RoslynAnalysisRunner has terminated.
Mono: successfully reloaded assembly
- Completed reload, in  1.130 seconds
Platform modules already initialized, skipping
Refreshing native plugins compatible for Editor in 0.39 ms, found 2 plugins.
Preloading 0 native plugins for Editor in 0.00 ms.
Unloading 1998 Unused Serialized files (Serialized files now loaded: 0)
System memory in use before: 171.4 MB.
System memory in use after: 171.5 MB.

Unloading 8 unused Assets to reduce memory usage. Loaded Objects now: 2597.
Total: 2.101568 ms (FindLiveObjects: 0.252496 ms CreateObjectMapping: 0.070796 ms MarkObjects: 1.763309 ms  DeleteObjects: 0.013923 ms)

========================================================================
Received Import Request.
  Time since last request: 970.324081 seconds.
  path: Assets/Audios
  artifactKey: Guid(0be85a6637fd8234b9c4355331608c96) Importer(815301076,1909f56bfc062723c751e8b465ee728b)
Start importing Assets/Audios using Guid(0be85a6637fd8234b9c4355331608c96) Importer(815301076,1909f56bfc062723c751e8b465ee728b)  -> (artifact id: '41125dc0a4efeed53ad96263233b59d8') in 0.006474 seconds
  Import took 0.010019 seconds .

========================================================================
Received Import Request.
  Time since last request: 145.453015 seconds.
  path: Assets/Audios/select.wav
  artifactKey: Guid(1919b68bcb771428abfc9c6b0da5ac5b) Importer(815301076,1909f56bfc062723c751e8b465ee728b)
Start importing Assets/Audios/select.wav using Guid(1919b68bcb771428abfc9c6b0da5ac5b) Importer(815301076,1909f56bfc062723c751e8b465ee728b)  -> (artifact id: 'cad5a252dd21934a71a0dda040b04985') in 1.170491 seconds
  Import took 1.174132 seconds .

========================================================================
Received Prepare
Registering precompiled user dll's ...
Registered in 0.013865 seconds.
Begin MonoManager ReloadAssembly
Native extension for WindowsStandalone target not found
Native extension for OSXStandalone target not found
Native extension for WebGL target not found
Refreshing native plugins compatible for Editor in 0.39 ms, found 2 plugins.
Preloading 0 native plugins for Editor in 0.00 ms.
Invoked RoslynAnalysisRunner static constructor.
RoslynAnalysisRunner will not be running.
RoslynAnalysisRunner has terminated.
Mono: successfully reloaded assembly
- Completed reload, in  1.139 seconds
Platform modules already initialized, skipping
Refreshing native plugins compatible for Editor in 0.37 ms, found 2 plugins.
Preloading 0 native plugins for Editor in 0.00 ms.
Unloading 1998 Unused Serialized files (Serialized files now loaded: 0)
System memory in use before: 179.2 MB.
System memory in use after: 179.3 MB.

Unloading 8 unused Assets to reduce memory usage. Loaded Objects now: 2610.
Total: 1.978599 ms (FindLiveObjects: 0.274760 ms CreateObjectMapping: 0.068397 ms MarkObjects: 1.620448 ms  DeleteObjects: 0.014227 ms)

========================================================================
Received Prepare
Registering precompiled user dll's ...
Registered in 0.013664 seconds.
Begin MonoManager ReloadAssembly
Native extension for WindowsStandalone target not found
Native extension for OSXStandalone target not found
Native extension for WebGL target not found
Refreshing native plugins compatible for Editor in 0.43 ms, found 2 plugins.
Preloading 0 native plugins for Editor in 0.00 ms.
Invoked RoslynAnalysisRunner static constructor.
RoslynAnalysisRunner will not be running.
RoslynAnalysisRunner has terminated.
Mono: successfully reloaded assembly
- Completed reload, in  1.187 seconds
Platform modules already initialized, skipping
Refreshing native plugins compatible for Editor in 0.42 ms, found 2 plugins.
Preloading 0 native plugins for Editor in 0.00 ms.
Unloading 1998 Unused Serialized files (Serialized files now loaded: 0)
System memory in use before: 179.4 MB.
System memory in use after: 179.5 MB.

Unloading 8 unused Assets to reduce memory usage. Loaded Objects now: 2614.
Total: 2.143912 ms (FindLiveObjects: 0.218758 ms CreateObjectMapping: 0.071479 ms MarkObjects: 1.813790 ms  DeleteObjects: 0.039070 ms)

========================================================================
Received Prepare
Registering precompiled user dll's ...
Registered in 0.000666 seconds.
Begin MonoManager ReloadAssembly
Native extension for WindowsStandalone target not found
Native extension for OSXStandalone target not found
Native extension for WebGL target not found
Refreshing native plugins compatible for Editor in 0.41 ms, found 2 plugins.
Preloading 0 native plugins for Editor in 0.00 ms.
Invoked RoslynAnalysisRunner static constructor.
RoslynAnalysisRunner will not be running.
RoslynAnalysisRunner has terminated.
Mono: successfully reloaded assembly
- Completed reload, in  1.351 seconds
Platform modules already initialized, skipping
Refreshing native plugins compatible for Editor in 1.61 ms, found 2 plugins.
Preloading 0 native plugins for Editor in 0.00 ms.
Unloading 1998 Unused Serialized files (Serialized files now loaded: 0)
System memory in use before: 179.6 MB.
System memory in use after: 179.7 MB.

Unloading 8 unused Assets to reduce memory usage. Loaded Objects now: 2618.
Total: 4.419452 ms (FindLiveObjects: 0.444736 ms CreateObjectMapping: 0.237184 ms MarkObjects: 3.681973 ms  DeleteObjects: 0.018892 ms)

========================================================================
Received Import Request.
  Time since last request: 632.304873 seconds.
  path: Assets/Resources/change.wav
  artifactKey: Guid(de937eb97e974467dbd9a7856db54803) Importer(815301076,1909f56bfc062723c751e8b465ee728b)
Start importing Assets/Resources/change.wav using Guid(de937eb97e974467dbd9a7856db54803) Importer(815301076,1909f56bfc062723c751e8b465ee728b)  -> (artifact id: 'f320f26b39fff86eaaea7538fff677a3') in 0.050458 seconds
  Import took 0.054879 seconds .

========================================================================
Received Import Request.
  Time since last request: 0.007241 seconds.
  path: Assets/Resources/change.wav
  artifactKey: Guid(de937eb97e974467dbd9a7856db54803) Importer(815301076,1909f56bfc062723c751e8b465ee728b)
Start importing Assets/Resources/change.wav using Guid(de937eb97e974467dbd9a7856db54803) Importer(815301076,1909f56bfc062723c751e8b465ee728b)  -> (artifact id: 'f320f26b39fff86eaaea7538fff677a3') in 0.007777 seconds
  Import took 0.011243 seconds .

========================================================================
Received Prepare
Registering precompiled user dll's ...
Registered in 0.000636 seconds.
Begin MonoManager ReloadAssembly
Native extension for WindowsStandalone target not found
Native extension for OSXStandalone target not found
Native extension for WebGL target not found
Refreshing native plugins compatible for Editor in 0.38 ms, found 2 plugins.
Preloading 0 native plugins for Editor in 0.00 ms.
Invoked RoslynAnalysisRunner static constructor.
RoslynAnalysisRunner will not be running.
RoslynAnalysisRunner has terminated.
Mono: successfully reloaded assembly
- Completed reload, in  1.196 seconds
Platform modules already initialized, skipping
Refreshing native plugins compatible for Editor in 0.37 ms, found 2 plugins.
Preloading 0 native plugins for Editor in 0.00 ms.
Unloading 1998 Unused Serialized files (Serialized files now loaded: 0)
System memory in use before: 179.9 MB.
System memory in use after: 180.0 MB.

Unloading 8 unused Assets to reduce memory usage. Loaded Objects now: 2623.
Total: 3.249391 ms (FindLiveObjects: 0.236265 ms CreateObjectMapping: 0.130341 ms MarkObjects: 2.862255 ms  DeleteObjects: 0.018579 ms)

========================================================================
Received Import Request.
  Time since last request: 258.542389 seconds.
  path: Assets/Resources/select.wav
  artifactKey: Guid(1919b68bcb771428abfc9c6b0da5ac5b) Importer(815301076,1909f56bfc062723c751e8b465ee728b)
Start importing Assets/Resources/select.wav using Guid(1919b68bcb771428abfc9c6b0da5ac5b) Importer(815301076,1909f56bfc062723c751e8b465ee728b)  -> (artifact id: 'dc11ca7a1f4c246bcc1432a60d8b90cb') in 0.054899 seconds
  Import took 0.058465 seconds .

========================================================================
Received Prepare
Registering precompiled user dll's ...
Registered in 0.001246 seconds.
Begin MonoManager ReloadAssembly
Native extension for WindowsStandalone target not found
Native extension for OSXStandalone target not found
Native extension for WebGL target not found
Refreshing native plugins compatible for Editor in 0.38 ms, found 2 plugins.
Preloading 0 native plugins for Editor in 0.00 ms.
Invoked RoslynAnalysisRunner static constructor.
RoslynAnalysisRunner will not be running.
RoslynAnalysisRunner has terminated.
Mono: successfully reloaded assembly
- Completed reload, in  1.060 seconds
Platform modules already initialized, skipping
Refreshing native plugins compatible for Editor in 0.41 ms, found 2 plugins.
Preloading 0 native plugins for Editor in 0.00 ms.
Unloading 1998 Unused Serialized files (Serialized files now loaded: 0)
System memory in use before: 180.2 MB.
System memory in use after: 180.3 MB.

Unloading 8 unused Assets to reduce memory usage. Loaded Objects now: 2628.
Total: 2.039131 ms (FindLiveObjects: 0.255463 ms CreateObjectMapping: 0.086655 ms MarkObjects: 1.681995 ms  DeleteObjects: 0.014167 ms)

========================================================================
Received Prepare
Registering precompiled user dll's ...
Registered in 0.000673 seconds.
Begin MonoManager ReloadAssembly
Native extension for WindowsStandalone target not found
Native extension for OSXStandalone target not found
Native extension for WebGL target not found
Refreshing native plugins compatible for Editor in 0.38 ms, found 2 plugins.
Preloading 0 native plugins for Editor in 0.00 ms.
Invoked RoslynAnalysisRunner static constructor.
RoslynAnalysisRunner will not be running.
RoslynAnalysisRunner has terminated.
Mono: successfully reloaded assembly
- Completed reload, in  1.104 seconds
Platform modules already initialized, skipping
Refreshing native plugins compatible for Editor in 0.37 ms, found 2 plugins.
Preloading 0 native plugins for Editor in 0.00 ms.
Unloading 1998 Unused Serialized files (Serialized files now loaded: 0)
System memory in use before: 180.4 MB.
System memory in use after: 180.5 MB.

Unloading 8 unused Assets to reduce memory usage. Loaded Objects now: 2632.
Total: 1.951182 ms (FindLiveObjects: 0.262135 ms CreateObjectMapping: 0.066609 ms MarkObjects: 1.608563 ms  DeleteObjects: 0.012908 ms)

========================================================================
Received Prepare
Registering precompiled user dll's ...
Registered in 0.000635 seconds.
Begin MonoManager ReloadAssembly
Native extension for WindowsStandalone target not found
Native extension for OSXStandalone target not found
Native extension for WebGL target not found
Refreshing native plugins compatible for Editor in 0.39 ms, found 2 plugins.
Preloading 0 native plugins for Editor in 0.00 ms.
Invoked RoslynAnalysisRunner static constructor.
RoslynAnalysisRunner will not be running.
RoslynAnalysisRunner has terminated.
Mono: successfully reloaded assembly
- Completed reload, in  1.092 seconds
Platform modules already initialized, skipping
Refreshing native plugins compatible for Editor in 0.37 ms, found 2 plugins.
Preloading 0 native plugins for Editor in 0.00 ms.
Unloading 1998 Unused Serialized files (Serialized files now loaded: 0)
System memory in use before: 180.6 MB.
System memory in use after: 180.8 MB.

Unloading 8 unused Assets to reduce memory usage. Loaded Objects now: 2636.
Total: 1.996182 ms (FindLiveObjects: 0.285432 ms CreateObjectMapping: 0.072894 ms MarkObjects: 1.623516 ms  DeleteObjects: 0.013450 ms)

========================================================================
Received Import Request.
  Time since last request: 93.766690 seconds.
  path: Assets/Resources/Audio
  artifactKey: Guid(9a3474a34a98e4b3ea8f90475b389e42) Importer(815301076,1909f56bfc062723c751e8b465ee728b)
Start importing Assets/Resources/Audio using Guid(9a3474a34a98e4b3ea8f90475b389e42) Importer(815301076,1909f56bfc062723c751e8b465ee728b)  -> (artifact id: '86a497406009c493e2db180657d60113') in 0.007172 seconds
  Import took 0.019500 seconds .

========================================================================
Received Prepare
Registering precompiled user dll's ...
Registered in 0.000653 seconds.
Begin MonoManager ReloadAssembly
Native extension for WindowsStandalone target not found
Native extension for OSXStandalone target not found
Native extension for WebGL target not found
Refreshing native plugins compatible for Editor in 0.37 ms, found 2 plugins.
Preloading 0 native plugins for Editor in 0.00 ms.
Invoked RoslynAnalysisRunner static constructor.
RoslynAnalysisRunner will not be running.
RoslynAnalysisRunner has terminated.
Mono: successfully reloaded assembly
- Completed reload, in  1.125 seconds
Platform modules already initialized, skipping
Refreshing native plugins compatible for Editor in 0.38 ms, found 2 plugins.
Preloading 0 native plugins for Editor in 0.00 ms.
Unloading 1998 Unused Serialized files (Serialized files now loaded: 0)
System memory in use before: 180.9 MB.
System memory in use after: 181.0 MB.

Unloading 8 unused Assets to reduce memory usage. Loaded Objects now: 2640.
Total: 2.268991 ms (FindLiveObjects: 0.319432 ms CreateObjectMapping: 0.073380 ms MarkObjects: 1.860232 ms  DeleteObjects: 0.015017 ms)

========================================================================
Received Prepare
Registering precompiled user dll's ...
Registered in 0.000624 seconds.
Begin MonoManager ReloadAssembly
Native extension for WindowsStandalone target not found
Native extension for OSXStandalone target not found
Native extension for WebGL target not found
Refreshing native plugins compatible for Editor in 0.38 ms, found 2 plugins.
Preloading 0 native plugins for Editor in 0.00 ms.
Invoked RoslynAnalysisRunner static constructor.
RoslynAnalysisRunner will not be running.
RoslynAnalysisRunner has terminated.
Mono: successfully reloaded assembly
- Completed reload, in  1.102 seconds
Platform modules already initialized, skipping
Refreshing native plugins compatible for Editor in 0.39 ms, found 2 plugins.
Preloading 0 native plugins for Editor in 0.00 ms.
Unloading 1998 Unused Serialized files (Serialized files now loaded: 0)
System memory in use before: 181.1 MB.
System memory in use after: 181.2 MB.

Unloading 8 unused Assets to reduce memory usage. Loaded Objects now: 2644.
Total: 1.984258 ms (FindLiveObjects: 0.276065 ms CreateObjectMapping: 0.071267 ms MarkObjects: 1.622515 ms  DeleteObjects: 0.013542 ms)

========================================================================
Received Prepare
Registering precompiled user dll's ...
Registered in 0.000729 seconds.
Begin MonoManager ReloadAssembly
Native extension for WindowsStandalone target not found
Native extension for OSXStandalone target not found
Native extension for WebGL target not found
Refreshing native plugins compatible for Editor in 0.40 ms, found 2 plugins.
Preloading 0 native plugins for Editor in 0.00 ms.
Invoked RoslynAnalysisRunner static constructor.
RoslynAnalysisRunner will not be running.
RoslynAnalysisRunner has terminated.
Mono: successfully reloaded assembly
- Completed reload, in  1.111 seconds
Platform modules already initialized, skipping
Refreshing native plugins compatible for Editor in 0.38 ms, found 2 plugins.
Preloading 0 native plugins for Editor in 0.00 ms.
Unloading 1998 Unused Serialized files (Serialized files now loaded: 0)
System memory in use before: 181.3 MB.
System memory in use after: 181.4 MB.

Unloading 8 unused Assets to reduce memory usage. Loaded Objects now: 2648.
Total: 2.053022 ms (FindLiveObjects: 0.282206 ms CreateObjectMapping: 0.069593 ms MarkObjects: 1.687125 ms  DeleteObjects: 0.013332 ms)

========================================================================
Received Prepare
Registering precompiled user dll's ...
Registered in 0.000868 seconds.
Begin MonoManager ReloadAssembly
Native extension for WindowsStandalone target not found
Native extension for OSXStandalone target not found
Native extension for WebGL target not found
Refreshing native plugins compatible for Editor in 0.42 ms, found 2 plugins.
Preloading 0 native plugins for Editor in 0.00 ms.
Invoked RoslynAnalysisRunner static constructor.
RoslynAnalysisRunner will not be running.
RoslynAnalysisRunner has terminated.
Mono: successfully reloaded assembly
- Completed reload, in  1.101 seconds
Platform modules already initialized, skipping
Refreshing native plugins compatible for Editor in 0.37 ms, found 2 plugins.
Preloading 0 native plugins for Editor in 0.00 ms.
Unloading 1998 Unused Serialized files (Serialized files now loaded: 0)
System memory in use before: 181.6 MB.
System memory in use after: 181.7 MB.

Unloading 8 unused Assets to reduce memory usage. Loaded Objects now: 2652.
Total: 2.117472 ms (FindLiveObjects: 0.316088 ms CreateObjectMapping: 0.070841 ms MarkObjects: 1.716277 ms  DeleteObjects: 0.013387 ms)

========================================================================
Received Prepare
Registering precompiled user dll's ...
Registered in 0.012625 seconds.
Begin MonoManager ReloadAssembly
Native extension for WindowsStandalone target not found
Native extension for OSXStandalone target not found
Native extension for WebGL target not found
Refreshing native plugins compatible for Editor in 0.42 ms, found 2 plugins.
Preloading 0 native plugins for Editor in 0.00 ms.
Invoked RoslynAnalysisRunner static constructor.
RoslynAnalysisRunner will not be running.
RoslynAnalysisRunner has terminated.
Mono: successfully reloaded assembly
- Completed reload, in  1.076 seconds
Platform modules already initialized, skipping
Refreshing native plugins compatible for Editor in 0.42 ms, found 2 plugins.
Preloading 0 native plugins for Editor in 0.00 ms.
Unloading 1998 Unused Serialized files (Serialized files now loaded: 0)
System memory in use before: 181.9 MB.
System memory in use after: 182.0 MB.

Unloading 8 unused Assets to reduce memory usage. Loaded Objects now: 2656.
Total: 2.332606 ms (FindLiveObjects: 0.277580 ms CreateObjectMapping: 0.066676 ms MarkObjects: 1.972116 ms  DeleteObjects: 0.015417 ms)

========================================================================
Received Prepare
Registering precompiled user dll's ...
Registered in 0.000615 seconds.
Begin MonoManager ReloadAssembly
Native extension for WindowsStandalone target not found
Native extension for OSXStandalone target not found
Native extension for WebGL target not found
Refreshing native plugins compatible for Editor in 0.38 ms, found 2 plugins.
Preloading 0 native plugins for Editor in 0.00 ms.
Invoked RoslynAnalysisRunner static constructor.
RoslynAnalysisRunner will not be running.
RoslynAnalysisRunner has terminated.
Mono: successfully reloaded assembly
- Completed reload, in  1.133 seconds
Platform modules already initialized, skipping
Refreshing native plugins compatible for Editor in 0.38 ms, found 2 plugins.
Preloading 0 native plugins for Editor in 0.00 ms.
Unloading 1998 Unused Serialized files (Serialized files now loaded: 0)
System memory in use before: 182.1 MB.
System memory in use after: 182.3 MB.

Unloading 8 unused Assets to reduce memory usage. Loaded Objects now: 2660.
Total: 2.659278 ms (FindLiveObjects: 0.309063 ms CreateObjectMapping: 0.070266 ms MarkObjects: 2.262821 ms  DeleteObjects: 0.015838 ms)

========================================================================
Received Import Request.
  Time since last request: 480.317841 seconds.
  path: Assets/Scenes/Level_00.unity
  artifactKey: Guid(6d5a62bc0405f364ea098eaa8e653265) Importer(815301076,1909f56bfc062723c751e8b465ee728b)
Start importing Assets/Scenes/Level_00.unity using Guid(6d5a62bc0405f364ea098eaa8e653265) Importer(815301076,1909f56bfc062723c751e8b465ee728b)  -> (artifact id: 'd6c4ed8afe1427fcd829fd5b1b032ac3') in 0.017615 seconds
  Import took 0.020906 seconds .

========================================================================
Received Import Request.
  Time since last request: 45.921391 seconds.
  path: Assets/Scenes/Menu.unity
  artifactKey: Guid(7d3fcb5866c264f4782eb05eebccfefb) Importer(815301076,1909f56bfc062723c751e8b465ee728b)
Start importing Assets/Scenes/Menu.unity using Guid(7d3fcb5866c264f4782eb05eebccfefb) Importer(815301076,1909f56bfc062723c751e8b465ee728b)  -> (artifact id: '64db2690da9e5ec8c9ae0e5e9a18fd09') in 0.005110 seconds
  Import took 0.009314 seconds .

========================================================================
Received Prepare
Registering precompiled user dll's ...
Registered in 0.013140 seconds.
Begin MonoManager ReloadAssembly
Native extension for WindowsStandalone target not found
Native extension for OSXStandalone target not found
Native extension for WebGL target not found
Refreshing native plugins compatible for Editor in 0.38 ms, found 2 plugins.
Preloading 0 native plugins for Editor in 0.00 ms.
Invoked RoslynAnalysisRunner static constructor.
RoslynAnalysisRunner will not be running.
RoslynAnalysisRunner has terminated.
Mono: successfully reloaded assembly
- Completed reload, in  1.105 seconds
Platform modules already initialized, skipping
Refreshing native plugins compatible for Editor in 0.37 ms, found 2 plugins.
Preloading 0 native plugins for Editor in 0.00 ms.
Unloading 1999 Unused Serialized files (Serialized files now loaded: 0)
System memory in use before: 182.5 MB.
System memory in use after: 182.6 MB.

Unloading 8 unused Assets to reduce memory usage. Loaded Objects now: 2665.
Total: 2.160062 ms (FindLiveObjects: 0.287119 ms CreateObjectMapping: 0.073739 ms MarkObjects: 1.784668 ms  DeleteObjects: 0.013486 ms)

========================================================================
Received Prepare
Registering precompiled user dll's ...
Registered in 0.000619 seconds.
Begin MonoManager ReloadAssembly
Native extension for WindowsStandalone target not found
Native extension for OSXStandalone target not found
Native extension for WebGL target not found
Refreshing native plugins compatible for Editor in 0.38 ms, found 2 plugins.
Preloading 0 native plugins for Editor in 0.00 ms.
Invoked RoslynAnalysisRunner static constructor.
RoslynAnalysisRunner will not be running.
RoslynAnalysisRunner has terminated.
Mono: successfully reloaded assembly
- Completed reload, in  1.139 seconds
Platform modules already initialized, skipping
Refreshing native plugins compatible for Editor in 0.49 ms, found 2 plugins.
Preloading 0 native plugins for Editor in 0.00 ms.
Unloading 1999 Unused Serialized files (Serialized files now loaded: 0)
System memory in use before: 182.7 MB.
System memory in use after: 182.8 MB.

Unloading 8 unused Assets to reduce memory usage. Loaded Objects now: 2669.
Total: 2.089613 ms (FindLiveObjects: 0.294646 ms CreateObjectMapping: 0.074474 ms MarkObjects: 1.706170 ms  DeleteObjects: 0.013484 ms)

========================================================================
Received Prepare
Registering precompiled user dll's ...
Registered in 0.000985 seconds.
Begin MonoManager ReloadAssembly
Native extension for WindowsStandalone target not found
Native extension for OSXStandalone target not found
Native extension for WebGL target not found
Refreshing native plugins compatible for Editor in 0.38 ms, found 2 plugins.
Preloading 0 native plugins for Editor in 0.00 ms.
Invoked RoslynAnalysisRunner static constructor.
RoslynAnalysisRunner will not be running.
RoslynAnalysisRunner has terminated.
Mono: successfully reloaded assembly
- Completed reload, in  1.128 seconds
Platform modules already initialized, skipping
Refreshing native plugins compatible for Editor in 0.44 ms, found 2 plugins.
Preloading 0 native plugins for Editor in 0.00 ms.
Unloading 1999 Unused Serialized files (Serialized files now loaded: 0)
System memory in use before: 182.9 MB.
System memory in use after: 183.0 MB.

Unloading 8 unused Assets to reduce memory usage. Loaded Objects now: 2673.
Total: 2.200912 ms (FindLiveObjects: 0.292325 ms CreateObjectMapping: 0.076680 ms MarkObjects: 1.800755 ms  DeleteObjects: 0.013908 ms)

========================================================================
Received Import Request.
  Time since last request: 872.892795 seconds.
  path: Assets/Scripts/GameManager.cs
  artifactKey: Guid(1773867693e8abc458017b5e98297844) Importer(815301076,1909f56bfc062723c751e8b465ee728b)
Start importing Assets/Scripts/GameManager.cs using Guid(1773867693e8abc458017b5e98297844) Importer(815301076,1909f56bfc062723c751e8b465ee728b)  -> (artifact id: '8dec0807e2cf4d0a04b365398554f5a7') in 0.008932 seconds
  Import took 0.012814 seconds .

========================================================================
Received Prepare
Registering precompiled user dll's ...
Registered in 0.000632 seconds.
Begin MonoManager ReloadAssembly
Native extension for WindowsStandalone target not found
Native extension for OSXStandalone target not found
Native extension for WebGL target not found
Refreshing native plugins compatible for Editor in 0.38 ms, found 2 plugins.
Preloading 0 native plugins for Editor in 0.00 ms.
Invoked RoslynAnalysisRunner static constructor.
RoslynAnalysisRunner will not be running.
RoslynAnalysisRunner has terminated.
Mono: successfully reloaded assembly
- Completed reload, in  1.079 seconds
Platform modules already initialized, skipping
Refreshing native plugins compatible for Editor in 0.37 ms, found 2 plugins.
Preloading 0 native plugins for Editor in 0.00 ms.
Unloading 1999 Unused Serialized files (Serialized files now loaded: 0)
System memory in use before: 183.1 MB.
System memory in use after: 183.3 MB.

Unloading 8 unused Assets to reduce memory usage. Loaded Objects now: 2677.
Total: 2.292906 ms (FindLiveObjects: 0.332598 ms CreateObjectMapping: 0.070972 ms MarkObjects: 1.873881 ms  DeleteObjects: 0.014596 ms)

========================================================================
Received Prepare
Registering precompiled user dll's ...
Registered in 0.000622 seconds.
Begin MonoManager ReloadAssembly
Native extension for WindowsStandalone target not found
Native extension for OSXStandalone target not found
Native extension for WebGL target not found
Refreshing native plugins compatible for Editor in 0.38 ms, found 2 plugins.
Preloading 0 native plugins for Editor in 0.00 ms.
Invoked RoslynAnalysisRunner static constructor.
RoslynAnalysisRunner will not be running.
RoslynAnalysisRunner has terminated.
Mono: successfully reloaded assembly
- Completed reload, in  1.118 seconds
Platform modules already initialized, skipping
Refreshing native plugins compatible for Editor in 0.38 ms, found 2 plugins.
Preloading 0 native plugins for Editor in 0.00 ms.
Unloading 1999 Unused Serialized files (Serialized files now loaded: 0)
System memory in use before: 183.4 MB.
System memory in use after: 183.5 MB.

Unloading 8 unused Assets to reduce memory usage. Loaded Objects now: 2681.
Total: 2.634181 ms (FindLiveObjects: 0.366864 ms CreateObjectMapping: 0.159543 ms MarkObjects: 2.089431 ms  DeleteObjects: 0.016280 ms)

========================================================================
Received Prepare
Registering precompiled user dll's ...
Registered in 0.000699 seconds.
Begin MonoManager ReloadAssembly
Native extension for WindowsStandalone target not found
Native extension for OSXStandalone target not found
Native extension for WebGL target not found
Refreshing native plugins compatible for Editor in 0.42 ms, found 2 plugins.
Preloading 0 native plugins for Editor in 0.00 ms.
Invoked RoslynAnalysisRunner static constructor.
RoslynAnalysisRunner will not be running.
RoslynAnalysisRunner has terminated.
Mono: successfully reloaded assembly
- Completed reload, in  1.191 seconds
Platform modules already initialized, skipping
Refreshing native plugins compatible for Editor in 0.37 ms, found 2 plugins.
Preloading 0 native plugins for Editor in 0.00 ms.
Unloading 1999 Unused Serialized files (Serialized files now loaded: 0)
System memory in use before: 183.6 MB.
System memory in use after: 183.7 MB.

Unloading 8 unused Assets to reduce memory usage. Loaded Objects now: 2685.
Total: 1.994743 ms (FindLiveObjects: 0.246936 ms CreateObjectMapping: 0.065551 ms MarkObjects: 1.668297 ms  DeleteObjects: 0.013156 ms)

========================================================================
Received Prepare
Registering precompiled user dll's ...
Registered in 0.002075 seconds.
Begin MonoManager ReloadAssembly
Native extension for WindowsStandalone target not found
Native extension for OSXStandalone target not found
Native extension for WebGL target not found
Refreshing native plugins compatible for Editor in 0.47 ms, found 2 plugins.
Preloading 0 native plugins for Editor in 0.00 ms.
Invoked RoslynAnalysisRunner static constructor.
RoslynAnalysisRunner will not be running.
RoslynAnalysisRunner has terminated.
Mono: successfully reloaded assembly
- Completed reload, in  1.264 seconds
Platform modules already initialized, skipping
Refreshing native plugins compatible for Editor in 0.38 ms, found 2 plugins.
Preloading 0 native plugins for Editor in 0.00 ms.
Unloading 1999 Unused Serialized files (Serialized files now loaded: 0)
System memory in use before: 183.8 MB.
System memory in use after: 183.9 MB.

Unloading 8 unused Assets to reduce memory usage. Loaded Objects now: 2689.
Total: 3.249034 ms (FindLiveObjects: 0.320523 ms CreateObjectMapping: 0.073920 ms MarkObjects: 2.819244 ms  DeleteObjects: 0.033742 ms)

========================================================================
Received Import Request.
  Time since last request: 284.180667 seconds.
  path: Assets/Scenes/Credits.unity
  artifactKey: Guid(e4f6e086514b240a69a59f1e6949e0e6) Importer(815301076,1909f56bfc062723c751e8b465ee728b)
Start importing Assets/Scenes/Credits.unity using Guid(e4f6e086514b240a69a59f1e6949e0e6) Importer(815301076,1909f56bfc062723c751e8b465ee728b)  -> (artifact id: '1d8465fb62b2e1814c44ce2d636a346e') in 0.017606 seconds
  Import took 0.022214 seconds .

========================================================================
Received Prepare
Registering precompiled user dll's ...
Registered in 0.000636 seconds.
Begin MonoManager ReloadAssembly
Native extension for WindowsStandalone target not found
Native extension for OSXStandalone target not found
Native extension for WebGL target not found
Refreshing native plugins compatible for Editor in 0.38 ms, found 2 plugins.
Preloading 0 native plugins for Editor in 0.00 ms.
Invoked RoslynAnalysisRunner static constructor.
RoslynAnalysisRunner will not be running.
RoslynAnalysisRunner has terminated.
Mono: successfully reloaded assembly
- Completed reload, in  1.164 seconds
Platform modules already initialized, skipping
Refreshing native plugins compatible for Editor in 0.71 ms, found 2 plugins.
Preloading 0 native plugins for Editor in 0.00 ms.
Unloading 1999 Unused Serialized files (Serialized files now loaded: 0)
System memory in use before: 184.1 MB.
System memory in use after: 184.2 MB.

Unloading 8 unused Assets to reduce memory usage. Loaded Objects now: 2693.
Total: 2.175681 ms (FindLiveObjects: 0.356241 ms CreateObjectMapping: 0.075904 ms MarkObjects: 1.728109 ms  DeleteObjects: 0.014635 ms)

========================================================================
Received Prepare
Registering precompiled user dll's ...
Registered in 0.000760 seconds.
Begin MonoManager ReloadAssembly
Native extension for WindowsStandalone target not found
Native extension for OSXStandalone target not found
Native extension for WebGL target not found
Refreshing native plugins compatible for Editor in 0.46 ms, found 2 plugins.
Preloading 0 native plugins for Editor in 0.00 ms.
Invoked RoslynAnalysisRunner static constructor.
RoslynAnalysisRunner will not be running.
RoslynAnalysisRunner has terminated.
Mono: successfully reloaded assembly
- Completed reload, in  1.268 seconds
Platform modules already initialized, skipping
Refreshing native plugins compatible for Editor in 0.53 ms, found 2 plugins.
Preloading 0 native plugins for Editor in 0.00 ms.
Unloading 1999 Unused Serialized files (Serialized files now loaded: 0)
System memory in use before: 184.4 MB.
System memory in use after: 184.5 MB.

Unloading 8 unused Assets to reduce memory usage. Loaded Objects now: 2697.
Total: 3.091559 ms (FindLiveObjects: 0.346729 ms CreateObjectMapping: 0.148932 ms MarkObjects: 2.577519 ms  DeleteObjects: 0.016607 ms)

========================================================================
Received Import Request.
  Time since last request: 129.952618 seconds.
  path: Assets/Scenes/Game.unity
  artifactKey: Guid(7b36aa53531aef946bb232f6d4d8cf5c) Importer(815301076,1909f56bfc062723c751e8b465ee728b)
Start importing Assets/Scenes/Game.unity using Guid(7b36aa53531aef946bb232f6d4d8cf5c) Importer(815301076,1909f56bfc062723c751e8b465ee728b)  -> (artifact id: 'd3cee8468ddbba941170a8abe9d919cf') in 0.019846 seconds
  Import took 0.025042 seconds .

========================================================================
Received Import Request.
  Time since last request: 0.803386 seconds.
  path: Assets/Scenes/Credits.unity
  artifactKey: Guid(e4f6e086514b240a69a59f1e6949e0e6) Importer(815301076,1909f56bfc062723c751e8b465ee728b)
Start importing Assets/Scenes/Credits.unity using Guid(e4f6e086514b240a69a59f1e6949e0e6) Importer(815301076,1909f56bfc062723c751e8b465ee728b)  -> (artifact id: '6791db3d8b143a169cec5eeb6f85614c') in 0.005551 seconds
  Import took 0.089407 seconds .

========================================================================
Received Prepare
Registering precompiled user dll's ...
Registered in 0.000980 seconds.
Begin MonoManager ReloadAssembly
Native extension for WindowsStandalone target not found
Native extension for OSXStandalone target not found
Native extension for WebGL target not found
Refreshing native plugins compatible for Editor in 0.38 ms, found 2 plugins.
Preloading 0 native plugins for Editor in 0.00 ms.
Invoked RoslynAnalysisRunner static constructor.
RoslynAnalysisRunner will not be running.
RoslynAnalysisRunner has terminated.
Mono: successfully reloaded assembly
- Completed reload, in  1.219 seconds
Platform modules already initialized, skipping
Refreshing native plugins compatible for Editor in 0.41 ms, found 2 plugins.
Preloading 0 native plugins for Editor in 0.00 ms.
Unloading 1999 Unused Serialized files (Serialized files now loaded: 0)
System memory in use before: 184.5 MB.
System memory in use after: 184.6 MB.

Unloading 8 unused Assets to reduce memory usage. Loaded Objects now: 2701.
Total: 3.178145 ms (FindLiveObjects: 0.241427 ms CreateObjectMapping: 0.088497 ms MarkObjects: 2.828019 ms  DeleteObjects: 0.018846 ms)

========================================================================
Received Import Request.
  Time since last request: 51.194838 seconds.
  path: Assets/Scenes/Menu.unity
  artifactKey: Guid(7d3fcb5866c264f4782eb05eebccfefb) Importer(815301076,1909f56bfc062723c751e8b465ee728b)
Start importing Assets/Scenes/Menu.unity using Guid(7d3fcb5866c264f4782eb05eebccfefb) Importer(815301076,1909f56bfc062723c751e8b465ee728b)  -> (artifact id: 'df8abc63ece9177c6716a70a95e7e390') in 0.017272 seconds
  Import took 0.021001 seconds .

========================================================================
Received Import Request.
  Time since last request: 13.550540 seconds.
  path: Assets/Scenes/Credits.unity
  artifactKey: Guid(e4f6e086514b240a69a59f1e6949e0e6) Importer(815301076,1909f56bfc062723c751e8b465ee728b)
Start importing Assets/Scenes/Credits.unity using Guid(e4f6e086514b240a69a59f1e6949e0e6) Importer(815301076,1909f56bfc062723c751e8b465ee728b)  -> (artifact id: '34eca571461872b97907d41acd22c7e8') in 0.005259 seconds
  Import took 0.009258 seconds .

========================================================================
Received Prepare
Registering precompiled user dll's ...
Registered in 0.000723 seconds.
Begin MonoManager ReloadAssembly
Native extension for WindowsStandalone target not found
Native extension for OSXStandalone target not found
Native extension for WebGL target not found
Refreshing native plugins compatible for Editor in 0.40 ms, found 2 plugins.
Preloading 0 native plugins for Editor in 0.00 ms.
Invoked RoslynAnalysisRunner static constructor.
RoslynAnalysisRunner will not be running.
RoslynAnalysisRunner has terminated.
Mono: successfully reloaded assembly
- Completed reload, in  1.080 seconds
Platform modules already initialized, skipping
Refreshing native plugins compatible for Editor in 0.38 ms, found 2 plugins.
Preloading 0 native plugins for Editor in 0.00 ms.
Unloading 1999 Unused Serialized files (Serialized files now loaded: 0)
System memory in use before: 184.8 MB.
System memory in use after: 185.0 MB.

Unloading 8 unused Assets to reduce memory usage. Loaded Objects now: 2705.
Total: 2.057626 ms (FindLiveObjects: 0.335721 ms CreateObjectMapping: 0.075248 ms MarkObjects: 1.629570 ms  DeleteObjects: 0.016281 ms)

